TN:
SF:src\App.vue
FN:8,render
FNF:1
FNH:0
FNDA:0,render
DA:3,0
DA:6,0
DA:7,0
DA:9,0
DA:10,0
DA:11,0
LF:6
LH:0
BRF:0
BRH:0
end_of_record
TN:
SF:src\funciones.js
FN:8,show_alerta
FNF:1
FNH:0
FNDA:0,show_alerta
DA:9,0
DA:10,0
DA:12,0
LF:3
LH:0
BRDA:8,0,0,0
BRDA:9,1,0,0
BRDA:9,1,1,0
BRF:3
BRH:0
end_of_record
TN:
SF:src\components\ActivityVolunteerSelectors.vue
FN:13,(anonymous_0)
FN:17,(anonymous_1)
FN:21,(anonymous_2)
FN:33,(anonymous_3)
FN:53,(anonymous_4)
FN:61,(anonymous_5)
FN:68,(anonymous_6)
FN:71,(anonymous_7)
FN:72,(anonymous_8)
FN:74,(anonymous_9)
FN:77,(anonymous_10)
FN:79,(anonymous_11)
FN:82,(anonymous_12)
FN:86,(anonymous_13)
FN:89,(anonymous_14)
FN:92,(anonymous_15)
FN:95,(anonymous_16)
FN:96,(anonymous_17)
FN:98,(anonymous_18)
FN:99,(anonymous_19)
FN:101,(anonymous_20)
FN:103,(anonymous_21)
FN:117,(anonymous_22)
FN:123,(anonymous_23)
FN:127,(anonymous_24)
FN:131,(anonymous_25)
FN:135,(anonymous_26)
FN:135,(anonymous_27)
FN:138,(anonymous_28)
FN:143,(anonymous_29)
FN:144,(anonymous_30)
FN:146,(anonymous_31)
FN:147,(anonymous_32)
FN:149,(anonymous_33)
FN:152,(anonymous_34)
FN:157,(anonymous_35)
FN:161,(anonymous_36)
FN:268,render
FN:276,(anonymous_38)
FN:285,(anonymous_39)
FN:289,(anonymous_40)
FN:295,(anonymous_41)
FN:307,(anonymous_42)
FN:313,(anonymous_43)
FN:319,(anonymous_44)
FN:329,(anonymous_45)
FN:338,(anonymous_46)
FN:343,(anonymous_47)
FN:349,(anonymous_48)
FN:361,(anonymous_49)
FN:367,(anonymous_50)
FN:377,(anonymous_51)
FN:382,(anonymous_52)
FN:383,(anonymous_53)
FN:395,(anonymous_54)
FN:400,(anonymous_55)
FN:405,(anonymous_56)
FNF:57
FNH:0
FNDA:0,(anonymous_0)
FNDA:0,(anonymous_1)
FNDA:0,(anonymous_2)
FNDA:0,(anonymous_3)
FNDA:0,(anonymous_4)
FNDA:0,(anonymous_5)
FNDA:0,(anonymous_6)
FNDA:0,(anonymous_7)
FNDA:0,(anonymous_8)
FNDA:0,(anonymous_9)
FNDA:0,(anonymous_10)
FNDA:0,(anonymous_11)
FNDA:0,(anonymous_12)
FNDA:0,(anonymous_13)
FNDA:0,(anonymous_14)
FNDA:0,(anonymous_15)
FNDA:0,(anonymous_16)
FNDA:0,(anonymous_17)
FNDA:0,(anonymous_18)
FNDA:0,(anonymous_19)
FNDA:0,(anonymous_20)
FNDA:0,(anonymous_21)
FNDA:0,(anonymous_22)
FNDA:0,(anonymous_23)
FNDA:0,(anonymous_24)
FNDA:0,(anonymous_25)
FNDA:0,(anonymous_26)
FNDA:0,(anonymous_27)
FNDA:0,(anonymous_28)
FNDA:0,(anonymous_29)
FNDA:0,(anonymous_30)
FNDA:0,(anonymous_31)
FNDA:0,(anonymous_32)
FNDA:0,(anonymous_33)
FNDA:0,(anonymous_34)
FNDA:0,(anonymous_35)
FNDA:0,(anonymous_36)
FNDA:0,render
FNDA:0,(anonymous_38)
FNDA:0,(anonymous_39)
FNDA:0,(anonymous_40)
FNDA:0,(anonymous_41)
FNDA:0,(anonymous_42)
FNDA:0,(anonymous_43)
FNDA:0,(anonymous_44)
FNDA:0,(anonymous_45)
FNDA:0,(anonymous_46)
FNDA:0,(anonymous_47)
FNDA:0,(anonymous_48)
FNDA:0,(anonymous_49)
FNDA:0,(anonymous_50)
FNDA:0,(anonymous_51)
FNDA:0,(anonymous_52)
FNDA:0,(anonymous_53)
FNDA:0,(anonymous_54)
FNDA:0,(anonymous_55)
FNDA:0,(anonymous_56)
DA:4,0
DA:7,0
DA:8,0
DA:13,0
DA:17,0
DA:21,0
DA:33,0
DA:53,0
DA:62,0
DA:63,0
DA:66,0
DA:69,0
DA:72,0
DA:75,0
DA:76,0
DA:77,0
DA:80,0
DA:81,0
DA:82,0
DA:87,0
DA:90,0
DA:93,0
DA:96,0
DA:99,0
DA:102,0
DA:103,0
DA:104,0
DA:107,0
DA:108,0
DA:109,0
DA:111,0
DA:112,0
DA:118,0
DA:124,0
DA:125,0
DA:128,0
DA:129,0
DA:132,0
DA:135,0
DA:136,0
DA:139,0
DA:140,0
DA:141,0
DA:144,0
DA:147,0
DA:150,0
DA:153,0
DA:154,0
DA:155,0
DA:158,0
DA:159,0
DA:162,0
DA:163,0
DA:167,0
DA:169,0
DA:172,0
DA:173,0
DA:174,0
DA:177,0
DA:180,0
DA:183,0
DA:187,0
DA:191,0
DA:194,0
DA:197,0
DA:200,0
DA:203,0
DA:206,0
DA:207,0
DA:208,0
DA:211,0
DA:212,0
DA:215,0
DA:218,0
DA:221,0
DA:224,0
DA:227,0
DA:228,0
DA:232,0
DA:233,0
DA:237,0
DA:240,0
DA:241,0
DA:244,0
DA:245,0
DA:248,0
DA:251,0
DA:254,0
DA:255,0
DA:256,0
DA:259,0
DA:260,0
DA:264,0
DA:267,0
DA:269,0
DA:276,0
DA:285,0
DA:289,0
DA:295,0
DA:307,0
DA:313,0
DA:320,0
DA:329,0
DA:338,0
DA:343,0
DA:349,0
DA:361,0
DA:367,0
DA:377,0
DA:382,0
DA:384,0
DA:395,0
DA:400,0
DA:405,0
DA:409,0
LF:115
LH:0
BRDA:62,0,0,0
BRDA:62,0,1,0
BRDA:66,1,0,0
BRDA:66,1,1,0
BRDA:72,2,0,0
BRDA:72,2,1,0
BRDA:76,3,0,0
BRDA:76,3,1,0
BRDA:77,4,0,0
BRDA:77,4,1,0
BRDA:81,5,0,0
BRDA:81,5,1,0
BRDA:82,6,0,0
BRDA:82,6,1,0
BRDA:82,7,0,0
BRDA:82,7,1,0
BRDA:90,8,0,0
BRDA:90,8,1,0
BRDA:90,8,2,0
BRDA:93,9,0,0
BRDA:93,9,1,0
BRDA:102,10,0,0
BRDA:102,10,1,0
BRDA:114,11,0,0
BRDA:114,11,1,0
BRDA:144,12,0,0
BRDA:144,12,1,0
BRDA:269,13,0,0
BRDA:269,13,1,0
BRDA:271,14,0,0
BRDA:271,14,1,0
BRDA:273,15,0,0
BRDA:273,15,1,0
BRDA:273,16,0,0
BRDA:273,16,1,0
BRDA:276,17,0,0
BRDA:276,17,1,0
BRDA:276,18,0,0
BRDA:276,18,1,0
BRDA:277,19,0,0
BRDA:277,19,1,0
BRDA:279,20,0,0
BRDA:279,20,1,0
BRDA:281,21,0,0
BRDA:281,21,1,0
BRDA:285,22,0,0
BRDA:285,22,1,0
BRDA:285,23,0,0
BRDA:285,23,1,0
BRDA:289,24,0,0
BRDA:289,24,1,0
BRDA:289,25,0,0
BRDA:289,25,1,0
BRDA:290,26,0,0
BRDA:290,26,1,0
BRDA:292,27,0,0
BRDA:292,27,1,0
BRDA:295,28,0,0
BRDA:295,28,1,0
BRDA:295,29,0,0
BRDA:295,29,1,0
BRDA:301,30,0,0
BRDA:301,30,1,0
BRDA:303,31,0,0
BRDA:303,31,1,0
BRDA:303,32,0,0
BRDA:303,32,1,0
BRDA:307,33,0,0
BRDA:307,33,1,0
BRDA:307,34,0,0
BRDA:307,34,1,0
BRDA:308,35,0,0
BRDA:308,35,1,0
BRDA:310,36,0,0
BRDA:310,36,1,0
BRDA:313,37,0,0
BRDA:313,37,1,0
BRDA:330,38,0,0
BRDA:330,38,1,0
BRDA:330,39,0,0
BRDA:330,39,1,0
BRDA:330,40,0,0
BRDA:330,40,1,0
BRDA:334,41,0,0
BRDA:334,41,1,0
BRDA:340,42,0,0
BRDA:340,42,1,0
BRDA:343,43,0,0
BRDA:343,43,1,0
BRDA:343,44,0,0
BRDA:343,44,1,0
BRDA:344,45,0,0
BRDA:344,45,1,0
BRDA:346,46,0,0
BRDA:346,46,1,0
BRDA:349,47,0,0
BRDA:349,47,1,0
BRDA:349,48,0,0
BRDA:349,48,1,0
BRDA:355,49,0,0
BRDA:355,49,1,0
BRDA:357,50,0,0
BRDA:357,50,1,0
BRDA:361,51,0,0
BRDA:361,51,1,0
BRDA:361,52,0,0
BRDA:361,52,1,0
BRDA:362,53,0,0
BRDA:362,53,1,0
BRDA:364,54,0,0
BRDA:364,54,1,0
BRDA:367,55,0,0
BRDA:367,55,1,0
BRDA:377,56,0,0
BRDA:377,56,1,0
BRDA:377,57,0,0
BRDA:377,57,1,0
BRDA:382,58,0,0
BRDA:382,58,1,0
BRDA:382,59,0,0
BRDA:382,59,1,0
BRDA:396,60,0,0
BRDA:396,60,1,0
BRDA:397,61,0,0
BRDA:397,61,1,0
BRDA:400,62,0,0
BRDA:400,62,1,0
BRDA:400,63,0,0
BRDA:400,63,1,0
BRDA:405,64,0,0
BRDA:405,64,1,0
BRDA:405,65,0,0
BRDA:405,65,1,0
BRDA:406,66,0,0
BRDA:406,66,1,0
BRF:135
BRH:0
end_of_record
TN:
SF:src\components\BoletaEvidenceModal.vue
FN:149,render
FN:155,(anonymous_1)
FN:168,(anonymous_2)
FNF:3
FNH:0
FNDA:0,render
FNDA:0,(anonymous_1)
FNDA:0,(anonymous_2)
DA:4,0
DA:7,0
DA:118,0
DA:121,0
DA:122,0
DA:123,0
DA:129,0
DA:132,0
DA:135,0
DA:138,0
DA:139,0
DA:142,0
DA:143,0
DA:144,0
DA:148,0
DA:150,0
DA:155,0
DA:168,0
DA:187,0
LF:19
LH:0
BRDA:155,0,0,0
BRDA:155,0,1,0
BRDA:156,1,0,0
BRDA:156,1,1,0
BRDA:162,2,0,0
BRDA:162,2,1,0
BRDA:168,3,0,0
BRDA:168,3,1,0
BRDA:169,4,0,0
BRDA:169,4,1,0
BRDA:171,5,0,0
BRDA:171,5,1,0
BRDA:175,6,0,0
BRDA:175,6,1,0
BRDA:179,7,0,0
BRDA:179,7,1,0
BRDA:181,8,0,0
BRDA:181,8,1,0
BRF:18
BRH:0
end_of_record
TN:
SF:src\components\HistorialAnualCard.vue
FN:120,render
FN:128,(anonymous_1)
FNF:2
FNH:0
FNDA:0,render
FNDA:0,(anonymous_1)
DA:4,0
DA:7,0
DA:100,0
DA:103,0
DA:104,0
DA:105,0
DA:108,0
DA:111,0
DA:114,0
DA:117,0
DA:121,0
DA:122,0
DA:128,0
DA:131,0
LF:14
LH:0
BRF:0
BRH:0
end_of_record
TN:
SF:src\components\HistorialAnualEditor.vue
FN:1807,render
FN:1831,(anonymous_1)
FN:1838,(anonymous_2)
FN:1845,(anonymous_3)
FN:1850,(anonymous_4)
FN:1856,(anonymous_5)
FN:1863,(anonymous_6)
FN:1870,(anonymous_7)
FN:1876,(anonymous_8)
FN:1882,(anonymous_9)
FN:1888,(anonymous_10)
FN:1892,(anonymous_11)
FN:1896,(anonymous_12)
FN:1900,(anonymous_13)
FN:1906,(anonymous_14)
FN:1910,(anonymous_15)
FN:1916,(anonymous_16)
FN:1922,(anonymous_17)
FN:1928,(anonymous_18)
FN:1934,(anonymous_19)
FN:1940,(anonymous_20)
FN:1946,(anonymous_21)
FN:1952,(anonymous_22)
FN:1969,(anonymous_23)
FN:1980,(anonymous_24)
FN:1984,(anonymous_25)
FN:1988,(anonymous_26)
FN:1992,(anonymous_27)
FN:1996,(anonymous_28)
FN:2000,(anonymous_29)
FN:2004,(anonymous_30)
FN:2008,(anonymous_31)
FN:2015,(anonymous_32)
FN:2027,(anonymous_33)
FN:2029,(anonymous_34)
FN:2037,(anonymous_35)
FN:2048,(anonymous_36)
FN:2051,(anonymous_37)
FN:2055,(anonymous_38)
FN:2059,(anonymous_39)
FN:2065,(anonymous_40)
FN:2082,(anonymous_41)
FN:2087,(anonymous_42)
FN:2093,(anonymous_43)
FN:2099,(anonymous_44)
FN:2104,(anonymous_45)
FN:2112,(anonymous_46)
FN:2138,(anonymous_47)
FN:2142,(anonymous_48)
FN:2160,(anonymous_49)
FN:2165,(anonymous_50)
FN:2171,(anonymous_51)
FN:2177,(anonymous_52)
FN:2182,(anonymous_53)
FN:2190,(anonymous_54)
FN:2216,(anonymous_55)
FN:2220,(anonymous_56)
FN:2238,(anonymous_57)
FN:2243,(anonymous_58)
FN:2249,(anonymous_59)
FN:2254,(anonymous_60)
FN:2262,(anonymous_61)
FN:2288,(anonymous_62)
FN:2306,(anonymous_63)
FN:2313,(anonymous_64)
FN:2319,(anonymous_65)
FN:2325,(anonymous_66)
FN:2329,(anonymous_67)
FN:2335,(anonymous_68)
FN:2341,(anonymous_69)
FN:2345,(anonymous_70)
FN:2351,(anonymous_71)
FN:2356,(anonymous_72)
FN:2360,(anonymous_73)
FN:2391,(anonymous_74)
FNF:75
FNH:0
FNDA:0,render
FNDA:0,(anonymous_1)
FNDA:0,(anonymous_2)
FNDA:0,(anonymous_3)
FNDA:0,(anonymous_4)
FNDA:0,(anonymous_5)
FNDA:0,(anonymous_6)
FNDA:0,(anonymous_7)
FNDA:0,(anonymous_8)
FNDA:0,(anonymous_9)
FNDA:0,(anonymous_10)
FNDA:0,(anonymous_11)
FNDA:0,(anonymous_12)
FNDA:0,(anonymous_13)
FNDA:0,(anonymous_14)
FNDA:0,(anonymous_15)
FNDA:0,(anonymous_16)
FNDA:0,(anonymous_17)
FNDA:0,(anonymous_18)
FNDA:0,(anonymous_19)
FNDA:0,(anonymous_20)
FNDA:0,(anonymous_21)
FNDA:0,(anonymous_22)
FNDA:0,(anonymous_23)
FNDA:0,(anonymous_24)
FNDA:0,(anonymous_25)
FNDA:0,(anonymous_26)
FNDA:0,(anonymous_27)
FNDA:0,(anonymous_28)
FNDA:0,(anonymous_29)
FNDA:0,(anonymous_30)
FNDA:0,(anonymous_31)
FNDA:0,(anonymous_32)
FNDA:0,(anonymous_33)
FNDA:0,(anonymous_34)
FNDA:0,(anonymous_35)
FNDA:0,(anonymous_36)
FNDA:0,(anonymous_37)
FNDA:0,(anonymous_38)
FNDA:0,(anonymous_39)
FNDA:0,(anonymous_40)
FNDA:0,(anonymous_41)
FNDA:0,(anonymous_42)
FNDA:0,(anonymous_43)
FNDA:0,(anonymous_44)
FNDA:0,(anonymous_45)
FNDA:0,(anonymous_46)
FNDA:0,(anonymous_47)
FNDA:0,(anonymous_48)
FNDA:0,(anonymous_49)
FNDA:0,(anonymous_50)
FNDA:0,(anonymous_51)
FNDA:0,(anonymous_52)
FNDA:0,(anonymous_53)
FNDA:0,(anonymous_54)
FNDA:0,(anonymous_55)
FNDA:0,(anonymous_56)
FNDA:0,(anonymous_57)
FNDA:0,(anonymous_58)
FNDA:0,(anonymous_59)
FNDA:0,(anonymous_60)
FNDA:0,(anonymous_61)
FNDA:0,(anonymous_62)
FNDA:0,(anonymous_63)
FNDA:0,(anonymous_64)
FNDA:0,(anonymous_65)
FNDA:0,(anonymous_66)
FNDA:0,(anonymous_67)
FNDA:0,(anonymous_68)
FNDA:0,(anonymous_69)
FNDA:0,(anonymous_70)
FNDA:0,(anonymous_71)
FNDA:0,(anonymous_72)
FNDA:0,(anonymous_73)
FNDA:0,(anonymous_74)
DA:4,0
DA:5,0
DA:8,0
DA:24,0
DA:25,0
DA:1420,0
DA:1423,0
DA:1424,0
DA:1425,0
DA:1428,0
DA:1431,0
DA:1434,0
DA:1438,0
DA:1441,0
DA:1445,0
DA:1446,0
DA:1450,0
DA:1453,0
DA:1454,0
DA:1455,0
DA:1456,0
DA:1459,0
DA:1462,0
DA:1465,0
DA:1468,0
DA:1472,0
DA:1473,0
DA:1477,0
DA:1481,0
DA:1484,0
DA:1488,0
DA:1492,0
DA:1495,0
DA:1498,0
DA:1501,0
DA:1504,0
DA:1507,0
DA:1510,0
DA:1513,0
DA:1516,0
DA:1519,0
DA:1522,0
DA:1525,0
DA:1528,0
DA:1531,0
DA:1534,0
DA:1537,0
DA:1540,0
DA:1543,0
DA:1546,0
DA:1549,0
DA:1552,0
DA:1553,0
DA:1556,0
DA:1560,0
DA:1564,0
DA:1567,0
DA:1570,0
DA:1574,0
DA:1578,0
DA:1582,0
DA:1583,0
DA:1586,0
DA:1589,0
DA:1593,0
DA:1596,0
DA:1599,0
DA:1602,0
DA:1605,0
DA:1609,0
DA:1613,0
DA:1616,0
DA:1619,0
DA:1620,0
DA:1621,0
DA:1622,0
DA:1625,0
DA:1628,0
DA:1629,0
DA:1633,0
DA:1637,0
DA:1638,0
DA:1642,0
DA:1646,0
DA:1647,0
DA:1648,0
DA:1649,0
DA:1650,0
DA:1651,0
DA:1654,0
DA:1657,0
DA:1658,0
DA:1659,0
DA:1660,0
DA:1663,0
DA:1666,0
DA:1667,0
DA:1671,0
DA:1675,0
DA:1676,0
DA:1680,0
DA:1684,0
DA:1685,0
DA:1686,0
DA:1687,0
DA:1688,0
DA:1689,0
DA:1692,0
DA:1695,0
DA:1696,0
DA:1697,0
DA:1700,0
DA:1703,0
DA:1704,0
DA:1708,0
DA:1712,0
DA:1713,0
DA:1717,0
DA:1721,0
DA:1722,0
DA:1723,0
DA:1724,0
DA:1725,0
DA:1729,0
DA:1732,0
DA:1735,0
DA:1736,0
DA:1740,0
DA:1744,0
DA:1747,0
DA:1750,0
DA:1751,0
DA:1754,0
DA:1755,0
DA:1756,0
DA:1759,0
DA:1760,0
DA:1763,0
DA:1764,0
DA:1765,0
DA:1768,0
DA:1769,0
DA:1773,0
DA:1776,0
DA:1777,0
DA:1781,0
DA:1784,0
DA:1787,0
DA:1788,0
DA:1789,0
DA:1795,0
DA:1798,0
DA:1799,0
DA:1802,0
DA:1805,0
DA:1806,0
DA:1808,0
DA:1831,0
DA:1838,0
DA:1845,0
DA:1851,0
DA:1856,0
DA:1863,0
DA:1870,0
DA:1876,0
DA:1882,0
DA:1888,0
DA:1892,0
DA:1896,0
DA:1901,0
DA:1906,0
DA:1911,0
DA:1916,0
DA:1922,0
DA:1928,0
DA:1934,0
DA:1940,0
DA:1946,0
DA:1952,0
DA:1969,0
DA:1980,0
DA:1984,0
DA:1988,0
DA:1992,0
DA:1996,0
DA:2000,0
DA:2004,0
DA:2008,0
DA:2015,0
DA:2027,0
DA:2030,0
DA:2037,0
DA:2048,0
DA:2051,0
DA:2055,0
DA:2059,0
DA:2065,0
DA:2083,0
DA:2087,0
DA:2093,0
DA:2099,0
DA:2105,0
DA:2112,0
DA:2138,0
DA:2142,0
DA:2161,0
DA:2165,0
DA:2171,0
DA:2177,0
DA:2183,0
DA:2190,0
DA:2216,0
DA:2220,0
DA:2239,0
DA:2243,0
DA:2249,0
DA:2255,0
DA:2262,0
DA:2288,0
DA:2307,0
DA:2313,0
DA:2319,0
DA:2325,0
DA:2329,0
DA:2335,0
DA:2341,0
DA:2345,0
DA:2352,0
DA:2356,0
DA:2360,0
DA:2391,0
DA:2413,0
LF:232
LH:0
BRDA:1815,0,0,0
BRDA:1815,0,1,0
BRDA:1815,1,0,0
BRDA:1815,1,1,0
BRDA:1815,2,0,0
BRDA:1815,2,1,0
BRDA:1815,2,2,0
BRDA:1815,2,3,0
BRDA:1821,3,0,0
BRDA:1821,3,1,0
BRDA:1826,4,0,0
BRDA:1826,4,1,0
BRDA:1826,5,0,0
BRDA:1826,5,1,0
BRDA:1830,6,0,0
BRDA:1830,6,1,0
BRDA:1831,7,0,0
BRDA:1831,7,1,0
BRDA:1837,8,0,0
BRDA:1837,8,1,0
BRDA:1838,9,0,0
BRDA:1838,9,1,0
BRDA:1844,10,0,0
BRDA:1844,10,1,0
BRDA:1845,11,0,0
BRDA:1845,11,1,0
BRDA:1848,12,0,0
BRDA:1848,12,1,0
BRDA:1855,13,0,0
BRDA:1855,13,1,0
BRDA:1856,14,0,0
BRDA:1856,14,1,0
BRDA:1862,15,0,0
BRDA:1862,15,1,0
BRDA:1863,16,0,0
BRDA:1863,16,1,0
BRDA:1869,17,0,0
BRDA:1869,17,1,0
BRDA:1870,18,0,0
BRDA:1870,18,1,0
BRDA:1875,19,0,0
BRDA:1875,19,1,0
BRDA:1876,20,0,0
BRDA:1876,20,1,0
BRDA:1881,21,0,0
BRDA:1881,21,1,0
BRDA:1882,22,0,0
BRDA:1882,22,1,0
BRDA:1887,23,0,0
BRDA:1887,23,1,0
BRDA:1888,24,0,0
BRDA:1888,24,1,0
BRDA:1891,25,0,0
BRDA:1891,25,1,0
BRDA:1892,26,0,0
BRDA:1892,26,1,0
BRDA:1895,27,0,0
BRDA:1895,27,1,0
BRDA:1896,28,0,0
BRDA:1896,28,1,0
BRDA:1898,29,0,0
BRDA:1898,29,1,0
BRDA:1905,30,0,0
BRDA:1905,30,1,0
BRDA:1906,31,0,0
BRDA:1906,31,1,0
BRDA:1908,32,0,0
BRDA:1908,32,1,0
BRDA:1915,33,0,0
BRDA:1915,33,1,0
BRDA:1916,34,0,0
BRDA:1916,34,1,0
BRDA:1921,35,0,0
BRDA:1921,35,1,0
BRDA:1922,36,0,0
BRDA:1922,36,1,0
BRDA:1927,37,0,0
BRDA:1927,37,1,0
BRDA:1928,38,0,0
BRDA:1928,38,1,0
BRDA:1933,39,0,0
BRDA:1933,39,1,0
BRDA:1934,40,0,0
BRDA:1934,40,1,0
BRDA:1939,41,0,0
BRDA:1939,41,1,0
BRDA:1940,42,0,0
BRDA:1940,42,1,0
BRDA:1945,43,0,0
BRDA:1945,43,1,0
BRDA:1946,44,0,0
BRDA:1946,44,1,0
BRDA:1951,45,0,0
BRDA:1951,45,1,0
BRDA:1952,46,0,0
BRDA:1952,46,1,0
BRDA:1957,47,0,0
BRDA:1957,47,1,0
BRDA:1962,48,0,0
BRDA:1962,48,1,0
BRDA:1962,49,0,0
BRDA:1962,49,1,0
BRDA:1962,50,0,0
BRDA:1962,50,1,0
BRDA:1968,51,0,0
BRDA:1968,51,1,0
BRDA:1968,52,0,0
BRDA:1968,52,1,0
BRDA:1968,53,0,0
BRDA:1968,53,1,0
BRDA:1968,54,0,0
BRDA:1968,54,1,0
BRDA:1968,55,0,0
BRDA:1968,55,1,0
BRDA:1968,56,0,0
BRDA:1968,56,1,0
BRDA:1969,57,0,0
BRDA:1969,57,1,0
BRDA:1977,58,0,0
BRDA:1977,58,1,0
BRDA:1980,59,0,0
BRDA:1980,59,1,0
BRDA:1984,60,0,0
BRDA:1984,60,1,0
BRDA:1985,61,0,0
BRDA:1985,61,1,0
BRDA:1988,62,0,0
BRDA:1988,62,1,0
BRDA:1992,63,0,0
BRDA:1992,63,1,0
BRDA:1993,64,0,0
BRDA:1993,64,1,0
BRDA:1996,65,0,0
BRDA:1996,65,1,0
BRDA:2000,66,0,0
BRDA:2000,66,1,0
BRDA:2001,67,0,0
BRDA:2001,67,1,0
BRDA:2004,68,0,0
BRDA:2004,68,1,0
BRDA:2008,69,0,0
BRDA:2008,69,1,0
BRDA:2009,70,0,0
BRDA:2009,70,1,0
BRDA:2014,71,0,0
BRDA:2014,71,1,0
BRDA:2014,72,0,0
BRDA:2014,72,1,0
BRDA:2015,73,0,0
BRDA:2015,73,1,0
BRDA:2019,74,0,0
BRDA:2019,74,1,0
BRDA:2019,75,0,0
BRDA:2019,75,1,0
BRDA:2021,76,0,0
BRDA:2021,76,1,0
BRDA:2026,77,0,0
BRDA:2026,77,1,0
BRDA:2027,78,0,0
BRDA:2027,78,1,0
BRDA:2029,79,0,0
BRDA:2029,79,1,0
BRDA:2029,80,0,0
BRDA:2029,80,1,0
BRDA:2029,81,0,0
BRDA:2029,81,1,0
BRDA:2029,81,2,0
BRDA:2029,82,0,0
BRDA:2029,82,1,0
BRDA:2029,83,0,0
BRDA:2029,83,1,0
BRDA:2029,84,0,0
BRDA:2029,84,1,0
BRDA:2029,84,2,0
BRDA:2029,85,0,0
BRDA:2029,85,1,0
BRDA:2029,86,0,0
BRDA:2029,86,1,0
BRDA:2037,87,0,0
BRDA:2037,87,1,0
BRDA:2043,88,0,0
BRDA:2043,88,1,0
BRDA:2043,89,0,0
BRDA:2043,89,1,0
BRDA:2048,90,0,0
BRDA:2048,90,1,0
BRDA:2050,91,0,0
BRDA:2050,91,1,0
BRDA:2050,92,0,0
BRDA:2050,92,1,0
BRDA:2050,93,0,0
BRDA:2050,93,1,0
BRDA:2051,94,0,0
BRDA:2051,94,1,0
BRDA:2054,95,0,0
BRDA:2054,95,1,0
BRDA:2054,96,0,0
BRDA:2054,96,1,0
BRDA:2055,97,0,0
BRDA:2055,97,1,0
BRDA:2058,98,0,0
BRDA:2058,98,1,0
BRDA:2058,99,0,0
BRDA:2058,99,1,0
BRDA:2059,100,0,0
BRDA:2059,100,1,0
BRDA:2064,101,0,0
BRDA:2064,101,1,0
BRDA:2064,102,0,0
BRDA:2064,102,1,0
BRDA:2065,103,0,0
BRDA:2065,103,1,0
BRDA:2070,104,0,0
BRDA:2070,104,1,0
BRDA:2070,105,0,0
BRDA:2070,105,1,0
BRDA:2078,106,0,0
BRDA:2078,106,1,0
BRDA:2086,107,0,0
BRDA:2086,107,1,0
BRDA:2092,108,0,0
BRDA:2092,108,1,0
BRDA:2098,109,0,0
BRDA:2098,109,1,0
BRDA:2106,110,0,0
BRDA:2106,110,1,0
BRDA:2108,111,0,0
BRDA:2108,111,1,0
BRDA:2113,112,0,0
BRDA:2113,112,1,0
BRDA:2113,113,0,0
BRDA:2113,113,1,0
BRDA:2113,114,0,0
BRDA:2113,114,1,0
BRDA:2113,115,0,0
BRDA:2113,115,1,0
BRDA:2119,116,0,0
BRDA:2119,116,1,0
BRDA:2119,117,0,0
BRDA:2119,117,1,0
BRDA:2119,118,0,0
BRDA:2119,118,1,0
BRDA:2124,119,0,0
BRDA:2124,119,1,0
BRDA:2145,120,0,0
BRDA:2145,120,1,0
BRDA:2148,121,0,0
BRDA:2148,121,1,0
BRDA:2156,122,0,0
BRDA:2156,122,1,0
BRDA:2164,123,0,0
BRDA:2164,123,1,0
BRDA:2170,124,0,0
BRDA:2170,124,1,0
BRDA:2176,125,0,0
BRDA:2176,125,1,0
BRDA:2184,126,0,0
BRDA:2184,126,1,0
BRDA:2186,127,0,0
BRDA:2186,127,1,0
BRDA:2191,128,0,0
BRDA:2191,128,1,0
BRDA:2191,129,0,0
BRDA:2191,129,1,0
BRDA:2191,130,0,0
BRDA:2191,130,1,0
BRDA:2191,131,0,0
BRDA:2191,131,1,0
BRDA:2197,132,0,0
BRDA:2197,132,1,0
BRDA:2197,133,0,0
BRDA:2197,133,1,0
BRDA:2197,134,0,0
BRDA:2197,134,1,0
BRDA:2202,135,0,0
BRDA:2202,135,1,0
BRDA:2223,136,0,0
BRDA:2223,136,1,0
BRDA:2226,137,0,0
BRDA:2226,137,1,0
BRDA:2234,138,0,0
BRDA:2234,138,1,0
BRDA:2242,139,0,0
BRDA:2242,139,1,0
BRDA:2248,140,0,0
BRDA:2248,140,1,0
BRDA:2256,141,0,0
BRDA:2256,141,1,0
BRDA:2258,142,0,0
BRDA:2258,142,1,0
BRDA:2263,143,0,0
BRDA:2263,143,1,0
BRDA:2263,144,0,0
BRDA:2263,144,1,0
BRDA:2263,145,0,0
BRDA:2263,145,1,0
BRDA:2263,146,0,0
BRDA:2263,146,1,0
BRDA:2269,147,0,0
BRDA:2269,147,1,0
BRDA:2269,148,0,0
BRDA:2269,148,1,0
BRDA:2269,149,0,0
BRDA:2269,149,1,0
BRDA:2274,150,0,0
BRDA:2274,150,1,0
BRDA:2291,151,0,0
BRDA:2291,151,1,0
BRDA:2294,152,0,0
BRDA:2294,152,1,0
BRDA:2294,153,0,0
BRDA:2294,153,1,0
BRDA:2296,154,0,0
BRDA:2296,154,1,0
BRDA:2306,155,0,0
BRDA:2306,155,1,0
BRDA:2306,156,0,0
BRDA:2306,156,1,0
BRDA:2306,157,0,0
BRDA:2306,157,1,0
BRDA:2316,158,0,0
BRDA:2316,158,1,0
BRDA:2318,159,0,0
BRDA:2318,159,1,0
BRDA:2324,160,0,0
BRDA:2324,160,1,0
BRDA:2328,161,0,0
BRDA:2328,161,1,0
BRDA:2334,162,0,0
BRDA:2334,162,1,0
BRDA:2340,163,0,0
BRDA:2340,163,1,0
BRDA:2344,164,0,0
BRDA:2344,164,1,0
BRDA:2351,165,0,0
BRDA:2351,165,1,0
BRDA:2351,166,0,0
BRDA:2351,166,1,0
BRDA:2359,167,0,0
BRDA:2359,167,1,0
BRDA:2359,168,0,0
BRDA:2359,168,1,0
BRDA:2360,169,0,0
BRDA:2360,169,1,0
BRDA:2374,170,0,0
BRDA:2374,170,1,0
BRDA:2378,171,0,0
BRDA:2378,171,1,0
BRDA:2388,172,0,0
BRDA:2388,172,1,0
BRDA:2390,173,0,0
BRDA:2390,173,1,0
BRDA:2391,174,0,0
BRDA:2391,174,1,0
BRDA:2400,175,0,0
BRDA:2400,175,1,0
BRF:356
BRH:0
end_of_record
TN:
SF:src\components\SidebarMenu.vue
FN:150,render
FN:162,(anonymous_1)
FN:174,(anonymous_2)
FN:182,(anonymous_3)
FN:188,(anonymous_4)
FN:199,(anonymous_5)
FN:218,(anonymous_6)
FN:237,(anonymous_7)
FN:256,(anonymous_8)
FN:275,(anonymous_9)
FN:294,(anonymous_10)
FN:312,(anonymous_11)
FN:330,(anonymous_12)
FN:349,(anonymous_13)
FN:368,(anonymous_14)
FN:387,(anonymous_15)
FN:406,(anonymous_16)
FN:419,(anonymous_17)
FN:431,(anonymous_18)
FNF:19
FNH:0
FNDA:0,render
FNDA:0,(anonymous_1)
FNDA:0,(anonymous_2)
FNDA:0,(anonymous_3)
FNDA:0,(anonymous_4)
FNDA:0,(anonymous_5)
FNDA:0,(anonymous_6)
FNDA:0,(anonymous_7)
FNDA:0,(anonymous_8)
FNDA:0,(anonymous_9)
FNDA:0,(anonymous_10)
FNDA:0,(anonymous_11)
FNDA:0,(anonymous_12)
FNDA:0,(anonymous_13)
FNDA:0,(anonymous_14)
FNDA:0,(anonymous_15)
FNDA:0,(anonymous_16)
FNDA:0,(anonymous_17)
FNDA:0,(anonymous_18)
DA:4,0
DA:5,0
DA:8,0
DA:117,0
DA:119,0
DA:122,0
DA:123,0
DA:124,0
DA:127,0
DA:128,0
DA:132,0
DA:135,0
DA:136,0
DA:140,0
DA:141,0
DA:145,0
DA:146,0
DA:149,0
DA:151,0
DA:152,0
DA:162,0
DA:174,0
DA:182,0
DA:188,0
DA:199,0
DA:218,0
DA:237,0
DA:256,0
DA:275,0
DA:294,0
DA:312,0
DA:330,0
DA:349,0
DA:368,0
DA:387,0
DA:406,0
DA:419,0
DA:431,0
DA:439,0
LF:39
LH:0
BRDA:168,0,0,0
BRDA:168,0,1,0
BRDA:168,1,0,0
BRDA:168,1,1,0
BRDA:172,2,0,0
BRDA:172,2,1,0
BRDA:173,3,0,0
BRDA:173,3,1,0
BRDA:174,4,0,0
BRDA:174,4,1,0
BRDA:174,5,0,0
BRDA:174,5,1,0
BRDA:176,6,0,0
BRDA:176,6,1,0
BRDA:177,7,0,0
BRDA:177,7,1,0
BRDA:180,8,0,0
BRDA:180,8,1,0
BRDA:181,9,0,0
BRDA:181,9,1,0
BRDA:182,10,0,0
BRDA:182,10,1,0
BRDA:182,11,0,0
BRDA:182,11,1,0
BRDA:184,12,0,0
BRDA:184,12,1,0
BRDA:188,13,0,0
BRDA:188,13,1,0
BRDA:188,14,0,0
BRDA:188,14,1,0
BRDA:196,15,0,0
BRDA:196,15,1,0
BRDA:197,16,0,0
BRDA:197,16,1,0
BRDA:199,17,0,0
BRDA:199,17,1,0
BRDA:207,18,0,0
BRDA:207,18,1,0
BRDA:215,19,0,0
BRDA:215,19,1,0
BRDA:216,20,0,0
BRDA:216,20,1,0
BRDA:218,21,0,0
BRDA:218,21,1,0
BRDA:226,22,0,0
BRDA:226,22,1,0
BRDA:234,23,0,0
BRDA:234,23,1,0
BRDA:235,24,0,0
BRDA:235,24,1,0
BRDA:237,25,0,0
BRDA:237,25,1,0
BRDA:245,26,0,0
BRDA:245,26,1,0
BRDA:253,27,0,0
BRDA:253,27,1,0
BRDA:254,28,0,0
BRDA:254,28,1,0
BRDA:256,29,0,0
BRDA:256,29,1,0
BRDA:264,30,0,0
BRDA:264,30,1,0
BRDA:272,31,0,0
BRDA:272,31,1,0
BRDA:273,32,0,0
BRDA:273,32,1,0
BRDA:275,33,0,0
BRDA:275,33,1,0
BRDA:283,34,0,0
BRDA:283,34,1,0
BRDA:291,35,0,0
BRDA:291,35,1,0
BRDA:292,36,0,0
BRDA:292,36,1,0
BRDA:294,37,0,0
BRDA:294,37,1,0
BRDA:302,38,0,0
BRDA:302,38,1,0
BRDA:310,39,0,0
BRDA:310,39,1,0
BRDA:312,40,0,0
BRDA:312,40,1,0
BRDA:320,41,0,0
BRDA:320,41,1,0
BRDA:328,42,0,0
BRDA:328,42,1,0
BRDA:330,43,0,0
BRDA:330,43,1,0
BRDA:338,44,0,0
BRDA:338,44,1,0
BRDA:346,45,0,0
BRDA:346,45,1,0
BRDA:347,46,0,0
BRDA:347,46,1,0
BRDA:349,47,0,0
BRDA:349,47,1,0
BRDA:357,48,0,0
BRDA:357,48,1,0
BRDA:365,49,0,0
BRDA:365,49,1,0
BRDA:366,50,0,0
BRDA:366,50,1,0
BRDA:368,51,0,0
BRDA:368,51,1,0
BRDA:376,52,0,0
BRDA:376,52,1,0
BRDA:384,53,0,0
BRDA:384,53,1,0
BRDA:385,54,0,0
BRDA:385,54,1,0
BRDA:387,55,0,0
BRDA:387,55,1,0
BRDA:395,56,0,0
BRDA:395,56,1,0
BRDA:403,57,0,0
BRDA:403,57,1,0
BRDA:404,58,0,0
BRDA:404,58,1,0
BRDA:406,59,0,0
BRDA:406,59,1,0
BRDA:414,60,0,0
BRDA:414,60,1,0
BRDA:417,61,0,0
BRDA:417,61,1,0
BRDA:418,62,0,0
BRDA:418,62,1,0
BRDA:419,63,0,0
BRDA:419,63,1,0
BRDA:419,64,0,0
BRDA:419,64,1,0
BRDA:420,65,0,0
BRDA:420,65,1,0
BRDA:429,66,0,0
BRDA:429,66,1,0
BRDA:430,67,0,0
BRDA:430,67,1,0
BRDA:431,68,0,0
BRDA:431,68,1,0
BRDA:431,69,0,0
BRDA:431,69,1,0
BRDA:432,70,0,0
BRDA:432,70,1,0
BRF:142
BRH:0
end_of_record
TN:
SF:src\composables\useDocumentPrint.js
FN:10,useDocumentPrint
FN:11,printDocument
FNF:2
FNH:0
FNDA:0,useDocumentPrint
FNDA:0,printDocument
DA:12,0
DA:14,0
DA:15,0
DA:17,0
DA:21,0
LF:5
LH:0
BRDA:12,0,0,0
BRDA:12,0,1,0
BRF:2
BRH:0
end_of_record
TN:
SF:src\config\api.js
FN:3,normalizeBaseUrl
FN:12,buildApiUrl
FNF:2
FNH:2
FNDA:2,normalizeBaseUrl
FNDA:3,buildApiUrl
DA:1,2
DA:4,2
DA:5,2
DA:7,2
DA:10,2
DA:13,3
DA:15,3
LF:7
LH:7
BRDA:4,0,0,1
BRDA:4,0,1,1
BRDA:5,1,0,2
BRDA:5,1,1,1
BRDA:7,2,0,1
BRDA:7,2,1,1
BRDA:12,3,0,1
BRDA:13,4,0,3
BRDA:13,4,1,1
BRDA:15,5,0,2
BRDA:15,5,1,1
BRF:11
BRH:11
end_of_record
TN:
SF:src\constants\activityTypes.js
FNF:0
FNH:0
DA:1,0
LF:1
LH:0
BRF:0
BRH:0
end_of_record
TN:
SF:src\router\index.js
FN:8,closeOpenModals
FN:13,(anonymous_1)
FN:18,(anonymous_2)
FN:33,(anonymous_3)
FN:38,(anonymous_4)
FN:49,(anonymous_5)
FN:55,(anonymous_6)
FN:61,(anonymous_7)
FN:67,(anonymous_8)
FN:73,(anonymous_9)
FN:79,(anonymous_10)
FN:85,(anonymous_11)
FN:91,(anonymous_12)
FN:97,(anonymous_13)
FN:103,(anonymous_14)
FN:109,(anonymous_15)
FN:115,(anonymous_16)
FN:121,(anonymous_17)
FN:127,(anonymous_18)
FN:137,(anonymous_19)
FNF:20
FNH:0
FNDA:0,closeOpenModals
FNDA:0,(anonymous_1)
FNDA:0,(anonymous_2)
FNDA:0,(anonymous_3)
FNDA:0,(anonymous_4)
FNDA:0,(anonymous_5)
FNDA:0,(anonymous_6)
FNDA:0,(anonymous_7)
FNDA:0,(anonymous_8)
FNDA:0,(anonymous_9)
FNDA:0,(anonymous_10)
FNDA:0,(anonymous_11)
FNDA:0,(anonymous_12)
FNDA:0,(anonymous_13)
FNDA:0,(anonymous_14)
FNDA:0,(anonymous_15)
FNDA:0,(anonymous_16)
FNDA:0,(anonymous_17)
FNDA:0,(anonymous_18)
FNDA:0,(anonymous_19)
DA:9,0
DA:10,0
DA:13,0
DA:14,0
DA:15,0
DA:18,0
DA:19,0
DA:20,0
DA:23,0
DA:33,0
DA:38,0
DA:49,0
DA:55,0
DA:61,0
DA:67,0
DA:73,0
DA:79,0
DA:85,0
DA:91,0
DA:97,0
DA:103,0
DA:109,0
DA:115,0
DA:121,0
DA:127,0
DA:132,0
DA:137,0
DA:138,0
DA:139,0
DA:142,0
DA:143,0
DA:144,0
DA:145,0
DA:147,0
DA:148,0
DA:149,0
DA:152,0
DA:153,0
DA:154,0
DA:157,0
DA:158,0
DA:159,0
DA:162,0
DA:163,0
DA:164,0
DA:167,0
DA:168,0
DA:169,0
DA:172,0
DA:173,0
DA:174,0
DA:177,0
DA:178,0
DA:179,0
DA:182,0
DA:183,0
DA:184,0
DA:187,0
DA:188,0
DA:190,0
DA:191,0
DA:192,0
DA:196,0
LF:63
LH:0
BRDA:9,0,0,0
BRDA:9,0,1,0
BRDA:14,1,0,0
BRDA:14,1,1,0
BRDA:33,2,0,0
BRDA:33,2,1,0
BRDA:138,3,0,0
BRDA:138,3,1,0
BRDA:145,4,0,0
BRDA:145,4,1,0
BRDA:147,5,0,0
BRDA:147,5,1,0
BRDA:147,6,0,0
BRDA:147,6,1,0
BRDA:152,7,0,0
BRDA:152,7,1,0
BRDA:152,8,0,0
BRDA:152,8,1,0
BRDA:157,9,0,0
BRDA:157,9,1,0
BRDA:157,10,0,0
BRDA:157,10,1,0
BRDA:157,10,2,0
BRDA:162,11,0,0
BRDA:162,11,1,0
BRDA:162,12,0,0
BRDA:162,12,1,0
BRDA:162,12,2,0
BRDA:167,13,0,0
BRDA:167,13,1,0
BRDA:167,14,0,0
BRDA:167,14,1,0
BRDA:167,14,2,0
BRDA:172,15,0,0
BRDA:172,15,1,0
BRDA:172,16,0,0
BRDA:172,16,1,0
BRDA:177,17,0,0
BRDA:177,17,1,0
BRDA:177,18,0,0
BRDA:177,18,1,0
BRDA:182,19,0,0
BRDA:182,19,1,0
BRDA:182,20,0,0
BRDA:182,20,1,0
BRDA:187,21,0,0
BRDA:187,21,1,0
BRDA:187,22,0,0
BRDA:187,22,1,0
BRDA:187,22,2,0
BRDA:190,23,0,0
BRDA:190,23,1,0
BRF:52
BRH:0
end_of_record
TN:
SF:src\store\index.js
FN:18,readStoredSession
FN:37,persistSession
FN:50,applyAuthToken
FN:60,normalizeSession
FN:76,(anonymous_4)
FN:77,(anonymous_5)
FN:78,(anonymous_6)
FN:79,(anonymous_7)
FN:80,(anonymous_8)
FN:80,(anonymous_9)
FN:81,(anonymous_10)
FN:81,(anonymous_11)
FN:82,(anonymous_12)
FN:83,(anonymous_13)
FN:84,(anonymous_14)
FN:85,(anonymous_15)
FN:86,(anonymous_16)
FN:87,(anonymous_17)
FN:90,(anonymous_18)
FN:96,(anonymous_19)
FN:101,(anonymous_20)
FN:117,(anonymous_21)
FN:120,(anonymous_22)
FN:123,(anonymous_23)
FN:126,(anonymous_24)
FNF:25
FNH:0
FNDA:0,readStoredSession
FNDA:0,persistSession
FNDA:0,applyAuthToken
FNDA:0,normalizeSession
FNDA:0,(anonymous_4)
FNDA:0,(anonymous_5)
FNDA:0,(anonymous_6)
FNDA:0,(anonymous_7)
FNDA:0,(anonymous_8)
FNDA:0,(anonymous_9)
FNDA:0,(anonymous_10)
FNDA:0,(anonymous_11)
FNDA:0,(anonymous_12)
FNDA:0,(anonymous_13)
FNDA:0,(anonymous_14)
FNDA:0,(anonymous_15)
FNDA:0,(anonymous_16)
FNDA:0,(anonymous_17)
FNDA:0,(anonymous_18)
FNDA:0,(anonymous_19)
FNDA:0,(anonymous_20)
FNDA:0,(anonymous_21)
FNDA:0,(anonymous_22)
FNDA:0,(anonymous_23)
FNDA:0,(anonymous_24)
DA:16,0
DA:19,0
DA:20,0
DA:23,0
DA:25,0
DA:26,0
DA:29,0
DA:30,0
DA:32,0
DA:33,0
DA:38,0
DA:39,0
DA:42,0
DA:43,0
DA:44,0
DA:47,0
DA:51,0
DA:53,0
DA:54,0
DA:55,0
DA:58,0
DA:61,0
DA:62,0
DA:65,0
DA:76,0
DA:77,0
DA:78,0
DA:79,0
DA:80,0
DA:81,0
DA:82,0
DA:83,0
DA:84,0
DA:85,0
DA:86,0
DA:87,0
DA:91,0
DA:92,0
DA:93,0
DA:94,0
DA:97,0
DA:98,0
DA:99,0
DA:102,0
DA:103,0
DA:106,0
DA:111,0
DA:112,0
DA:113,0
DA:118,0
DA:121,0
DA:124,0
DA:127,0
DA:128,0
DA:132,0
LF:55
LH:0
BRDA:19,0,0,0
BRDA:19,0,1,0
BRDA:25,1,0,0
BRDA:25,1,1,0
BRDA:38,2,0,0
BRDA:38,2,1,0
BRDA:42,3,0,0
BRDA:42,3,1,0
BRDA:53,4,0,0
BRDA:53,4,1,0
BRDA:61,5,0,0
BRDA:61,5,1,0
BRDA:61,6,0,0
BRDA:61,6,1,0
BRDA:67,7,0,0
BRDA:67,7,1,0
BRDA:76,8,0,0
BRDA:76,8,1,0
BRDA:78,9,0,0
BRDA:78,9,1,0
BRDA:102,10,0,0
BRDA:102,10,1,0
BRF:22
BRH:0
end_of_record
TN:
SF:src\utils\apiPagination.js
FN:6,fetchAllPages
FN:14,(anonymous_1)
FN:18,(anonymous_2)
FN:21,(anonymous_3)
FNF:4
FNH:4
FNDA:4,fetchAllPages
FNDA:3,(anonymous_1)
FNDA:3,(anonymous_2)
FNDA:7,(anonymous_3)
DA:7,4
DA:8,4
DA:9,4
DA:10,4
DA:12,4
DA:13,2
DA:15,3
DA:18,3
DA:21,7
LF:9
LH:9
BRDA:6,0,0,3
BRDA:8,1,0,4
BRDA:8,1,1,1
BRDA:9,2,0,4
BRDA:9,2,1,1
BRDA:12,3,0,2
BRDA:12,3,1,2
BRDA:18,4,0,3
BRDA:18,4,1,1
BRDA:21,5,0,7
BRDA:21,5,1,2
BRF:11
BRH:11
end_of_record
TN:
SF:src\utils\auth.js
FN:6,getUserRoleSlugs
FN:7,(anonymous_1)
FN:10,hasRole
FN:14,hasAnyRole
FN:16,(anonymous_4)
FN:19,canManagePlatform
FN:23,canAccessVolunteerProfile
FN:27,requiresAccessSelection
FN:31,resolveAccessMode
FN:49,isAdministratorExperience
FN:53,isVolunteerExperience
FN:57,isVolunteerOnly
FN:61,defaultRouteForUser
FNF:13
FNH:13
FNDA:57,getUserRoleSlugs
FNDA:81,(anonymous_1)
FNDA:44,hasRole
FNDA:12,hasAnyRole
FNDA:21,(anonymous_4)
FNDA:9,canManagePlatform
FNDA:21,canAccessVolunteerProfile
FNDA:21,requiresAccessSelection
FNDA:15,resolveAccessMode
FNDA:2,isAdministratorExperience
FNDA:1,isVolunteerExperience
FNDA:2,isVolunteerOnly
FNDA:5,defaultRouteForUser
DA:7,81
DA:11,44
DA:15,12
DA:16,21
DA:20,9
DA:24,21
DA:28,21
DA:32,15
DA:33,8
DA:38,7
DA:39,3
DA:42,4
DA:43,2
DA:46,2
DA:50,2
DA:54,1
DA:58,2
DA:62,5
DA:63,1
DA:66,4
LF:20
LH:20
BRDA:7,0,0,57
BRDA:7,0,1,7
BRDA:24,1,0,21
BRDA:24,1,1,17
BRDA:24,2,0,17
BRDA:24,2,1,0
BRDA:28,3,0,21
BRDA:28,3,1,13
BRDA:31,4,0,4
BRDA:32,5,0,8
BRDA:32,5,1,7
BRDA:33,6,0,5
BRDA:33,6,1,3
BRDA:33,7,0,8
BRDA:33,7,1,5
BRDA:38,8,0,3
BRDA:38,8,1,4
BRDA:38,9,0,7
BRDA:38,9,1,3
BRDA:42,10,0,2
BRDA:42,10,1,2
BRDA:46,11,0,2
BRDA:46,11,1,1
BRDA:49,12,0,2
BRDA:53,13,0,1
BRDA:58,14,0,2
BRDA:58,14,1,1
BRDA:61,15,0,2
BRDA:62,16,0,1
BRDA:62,16,1,4
BRDA:62,17,0,5
BRDA:62,17,1,4
BRF:32
BRH:31
end_of_record
TN:
SF:src\utils\formatters.js
FN:5,formatDate
FN:16,formatDateRange
FN:26,formatCurrency
FNF:3
FNH:3
FNDA:11,formatDate
FNDA:4,formatDateRange
FNDA:2,formatCurrency
DA:6,11
DA:7,10
DA:8,10
DA:9,9
DA:17,4
DA:18,3
DA:19,2
DA:27,2
LF:8
LH:8
BRDA:5,0,0,6
BRDA:6,1,0,1
BRDA:6,1,1,10
BRDA:8,2,0,1
BRDA:8,2,1,9
BRDA:16,3,0,3
BRDA:17,4,0,1
BRDA:17,4,1,3
BRDA:17,5,0,4
BRDA:17,5,1,2
BRDA:18,6,0,1
BRDA:18,6,1,2
BRDA:18,7,0,3
BRDA:18,7,1,2
BRDA:19,8,0,2
BRDA:19,8,1,1
BRDA:27,9,0,2
BRDA:27,9,1,1
BRF:18
BRH:18
end_of_record
TN:
SF:src\utils\imageOptimization.js
FN:6,optimizedFileName
FN:11,canvasToBlob
FN:12,(anonymous_2)
FN:15,decodeImage
FN:41,optimizeImage
FN:101,optimizeImages
FN:102,(anonymous_6)
FNF:7
FNH:0
FNDA:0,optimizedFileName
FNDA:0,canvasToBlob
FNDA:0,(anonymous_2)
FNDA:0,decodeImage
FNDA:0,optimizeImage
FNDA:0,optimizeImages
FNDA:0,(anonymous_6)
DA:1,0
DA:7,0
DA:8,0
DA:12,0
DA:16,0
DA:17,0
DA:18,0
DA:24,0
DA:25,0
DA:26,0
DA:27,0
DA:28,0
DA:29,0
DA:30,0
DA:32,0
DA:42,0
DA:43,0
DA:52,0
DA:54,0
DA:55,0
DA:59,0
DA:60,0
DA:61,0
DA:62,0
DA:63,0
DA:64,0
DA:65,0
DA:66,0
DA:67,0
DA:68,0
DA:70,0
DA:71,0
DA:72,0
DA:73,0
DA:75,0
DA:76,0
DA:77,0
DA:78,0
DA:79,0
DA:80,0
DA:83,0
DA:84,0
DA:87,0
DA:92,0
DA:93,0
DA:95,0
DA:96,0
DA:102,0
LF:48
LH:0
BRDA:7,0,0,0
BRDA:7,0,1,0
BRDA:7,1,0,0
BRDA:7,1,1,0
BRDA:8,2,0,0
BRDA:8,2,1,0
BRDA:16,3,0,0
BRDA:16,3,1,0
BRDA:41,4,0,0
BRDA:42,5,0,0
BRDA:42,5,1,0
BRDA:42,6,0,0
BRDA:42,6,1,0
BRDA:47,7,0,0
BRDA:48,8,0,0
BRDA:49,9,0,0
BRDA:50,10,0,0
BRDA:51,11,0,0
BRDA:54,12,0,0
BRDA:54,12,1,0
BRDA:61,13,0,0
BRDA:61,13,1,0
BRDA:62,14,0,0
BRDA:62,14,1,0
BRDA:78,15,0,0
BRDA:78,15,1,0
BRDA:78,15,2,0
BRDA:83,16,0,0
BRDA:83,16,1,0
BRDA:83,17,0,0
BRDA:83,17,1,0
BRDA:95,18,0,0
BRDA:95,18,1,0
BRDA:95,19,0,0
BRDA:95,19,1,0
BRDA:101,20,0,0
BRDA:102,21,0,0
BRDA:102,21,1,0
BRF:38
BRH:0
end_of_record
TN:
SF:src\views\AccessSelectionView.vue
FN:55,render
FN:61,(anonymous_1)
FN:74,(anonymous_2)
FN:82,(anonymous_3)
FNF:4
FNH:3
FNDA:2,render
FNDA:0,(anonymous_1)
FNDA:1,(anonymous_2)
FNDA:1,(anonymous_3)
DA:4,1
DA:7,1
DA:37,1
DA:39,1
DA:40,1
DA:43,1
DA:44,1
DA:45,1
DA:46,1
DA:49,1
DA:52,1
DA:56,2
DA:57,2
DA:61,0
DA:74,1
DA:82,1
DA:88,1
LF:17
LH:16
BRDA:61,0,0,0
BRDA:61,0,1,0
BRDA:67,1,0,2
BRDA:67,1,1,2
BRDA:74,2,0,2
BRDA:74,2,1,2
BRDA:75,3,0,2
BRDA:75,3,1,2
BRDA:82,4,0,2
BRDA:82,4,1,2
BRDA:83,5,0,2
BRDA:83,5,1,2
BRF:12
BRH:10
end_of_record
TN:
SF:src\views\ActividadCreateView.vue
FN:415,render
FN:426,(anonymous_1)
FN:428,(anonymous_2)
FN:432,(anonymous_3)
FN:437,(anonymous_4)
FN:445,(anonymous_5)
FN:450,(anonymous_6)
FN:458,(anonymous_7)
FN:467,(anonymous_8)
FN:474,(anonymous_9)
FN:481,(anonymous_10)
FN:487,(anonymous_11)
FN:493,(anonymous_12)
FN:501,(anonymous_13)
FN:509,(anonymous_14)
FN:517,(anonymous_15)
FN:525,(anonymous_16)
FN:527,(anonymous_17)
FN:529,(anonymous_18)
FN:531,(anonymous_19)
FN:541,(anonymous_20)
FN:546,(anonymous_21)
FNF:22
FNH:0
FNDA:0,render
FNDA:0,(anonymous_1)
FNDA:0,(anonymous_2)
FNDA:0,(anonymous_3)
FNDA:0,(anonymous_4)
FNDA:0,(anonymous_5)
FNDA:0,(anonymous_6)
FNDA:0,(anonymous_7)
FNDA:0,(anonymous_8)
FNDA:0,(anonymous_9)
FNDA:0,(anonymous_10)
FNDA:0,(anonymous_11)
FNDA:0,(anonymous_12)
FNDA:0,(anonymous_13)
FNDA:0,(anonymous_14)
FNDA:0,(anonymous_15)
FNDA:0,(anonymous_16)
FNDA:0,(anonymous_17)
FNDA:0,(anonymous_18)
FNDA:0,(anonymous_19)
FNDA:0,(anonymous_20)
FNDA:0,(anonymous_21)
DA:4,0
DA:5,0
DA:8,0
DA:344,0
DA:346,0
DA:349,0
DA:350,0
DA:351,0
DA:360,0
DA:363,0
DA:366,0
DA:369,0
DA:372,0
DA:375,0
DA:378,0
DA:379,0
DA:382,0
DA:383,0
DA:386,0
DA:389,0
DA:392,0
DA:393,0
DA:396,0
DA:399,0
DA:402,0
DA:405,0
DA:408,0
DA:411,0
DA:414,0
DA:416,0
DA:417,0
DA:426,0
DA:428,0
DA:432,0
DA:438,0
DA:445,0
DA:451,0
DA:458,0
DA:467,0
DA:474,0
DA:481,0
DA:487,0
DA:493,0
DA:501,0
DA:509,0
DA:517,0
DA:525,0
DA:527,0
DA:529,0
DA:531,0
DA:541,0
DA:546,0
DA:550,0
LF:53
LH:0
BRDA:417,0,0,0
BRDA:417,0,1,0
BRDA:426,1,0,0
BRDA:426,1,1,0
BRDA:426,2,0,0
BRDA:426,2,1,0
BRDA:428,3,0,0
BRDA:428,3,1,0
BRDA:428,4,0,0
BRDA:428,4,1,0
BRDA:429,5,0,0
BRDA:429,5,1,0
BRDA:432,6,0,0
BRDA:432,6,1,0
BRDA:435,7,0,0
BRDA:435,7,1,0
BRDA:442,8,0,0
BRDA:442,8,1,0
BRDA:445,9,0,0
BRDA:445,9,1,0
BRDA:448,10,0,0
BRDA:448,10,1,0
BRDA:455,11,0,0
BRDA:455,11,1,0
BRDA:458,12,0,0
BRDA:458,12,1,0
BRDA:464,13,0,0
BRDA:464,13,1,0
BRDA:467,14,0,0
BRDA:467,14,1,0
BRDA:471,15,0,0
BRDA:471,15,1,0
BRDA:474,16,0,0
BRDA:474,16,1,0
BRDA:477,17,0,0
BRDA:477,17,1,0
BRDA:478,18,0,0
BRDA:478,18,1,0
BRDA:481,19,0,0
BRDA:481,19,1,0
BRDA:484,20,0,0
BRDA:484,20,1,0
BRDA:487,21,0,0
BRDA:487,21,1,0
BRDA:490,22,0,0
BRDA:490,22,1,0
BRDA:493,23,0,0
BRDA:493,23,1,0
BRDA:498,24,0,0
BRDA:498,24,1,0
BRDA:501,25,0,0
BRDA:501,25,1,0
BRDA:506,26,0,0
BRDA:506,26,1,0
BRDA:509,27,0,0
BRDA:509,27,1,0
BRDA:514,28,0,0
BRDA:514,28,1,0
BRDA:517,29,0,0
BRDA:517,29,1,0
BRDA:525,30,0,0
BRDA:525,30,1,0
BRDA:527,31,0,0
BRDA:527,31,1,0
BRDA:529,32,0,0
BRDA:529,32,1,0
BRDA:531,33,0,0
BRDA:531,33,1,0
BRDA:541,34,0,0
BRDA:541,34,1,0
BRDA:541,35,0,0
BRDA:541,35,1,0
BRDA:545,36,0,0
BRDA:545,36,1,0
BRDA:546,37,0,0
BRDA:546,37,1,0
BRDA:546,38,0,0
BRDA:546,38,1,0
BRDA:547,39,0,0
BRDA:547,39,1,0
BRDA:549,40,0,0
BRDA:549,40,1,0
BRF:82
BRH:0
end_of_record
TN:
SF:src\views\ActividadEditView.vue
FN:442,render
FN:453,(anonymous_1)
FN:455,(anonymous_2)
FN:459,(anonymous_3)
FN:464,(anonymous_4)
FN:472,(anonymous_5)
FN:477,(anonymous_6)
FN:485,(anonymous_7)
FN:494,(anonymous_8)
FN:502,(anonymous_9)
FN:509,(anonymous_10)
FN:516,(anonymous_11)
FN:522,(anonymous_12)
FN:528,(anonymous_13)
FN:536,(anonymous_14)
FN:544,(anonymous_15)
FN:552,(anonymous_16)
FN:554,(anonymous_17)
FN:556,(anonymous_18)
FN:558,(anonymous_19)
FN:568,(anonymous_20)
FN:573,(anonymous_21)
FNF:22
FNH:0
FNDA:0,render
FNDA:0,(anonymous_1)
FNDA:0,(anonymous_2)
FNDA:0,(anonymous_3)
FNDA:0,(anonymous_4)
FNDA:0,(anonymous_5)
FNDA:0,(anonymous_6)
FNDA:0,(anonymous_7)
FNDA:0,(anonymous_8)
FNDA:0,(anonymous_9)
FNDA:0,(anonymous_10)
FNDA:0,(anonymous_11)
FNDA:0,(anonymous_12)
FNDA:0,(anonymous_13)
FNDA:0,(anonymous_14)
FNDA:0,(anonymous_15)
FNDA:0,(anonymous_16)
FNDA:0,(anonymous_17)
FNDA:0,(anonymous_18)
FNDA:0,(anonymous_19)
FNDA:0,(anonymous_20)
FNDA:0,(anonymous_21)
DA:4,0
DA:5,0
DA:8,0
DA:371,0
DA:373,0
DA:376,0
DA:377,0
DA:378,0
DA:387,0
DA:390,0
DA:393,0
DA:396,0
DA:399,0
DA:402,0
DA:405,0
DA:406,0
DA:409,0
DA:410,0
DA:413,0
DA:416,0
DA:419,0
DA:422,0
DA:423,0
DA:426,0
DA:429,0
DA:432,0
DA:435,0
DA:438,0
DA:441,0
DA:443,0
DA:444,0
DA:453,0
DA:455,0
DA:459,0
DA:465,0
DA:472,0
DA:478,0
DA:485,0
DA:494,0
DA:502,0
DA:509,0
DA:516,0
DA:522,0
DA:528,0
DA:536,0
DA:544,0
DA:552,0
DA:554,0
DA:556,0
DA:558,0
DA:568,0
DA:573,0
DA:577,0
LF:53
LH:0
BRDA:444,0,0,0
BRDA:444,0,1,0
BRDA:453,1,0,0
BRDA:453,1,1,0
BRDA:453,2,0,0
BRDA:453,2,1,0
BRDA:455,3,0,0
BRDA:455,3,1,0
BRDA:455,4,0,0
BRDA:455,4,1,0
BRDA:456,5,0,0
BRDA:456,5,1,0
BRDA:459,6,0,0
BRDA:459,6,1,0
BRDA:462,7,0,0
BRDA:462,7,1,0
BRDA:469,8,0,0
BRDA:469,8,1,0
BRDA:472,9,0,0
BRDA:472,9,1,0
BRDA:475,10,0,0
BRDA:475,10,1,0
BRDA:482,11,0,0
BRDA:482,11,1,0
BRDA:485,12,0,0
BRDA:485,12,1,0
BRDA:491,13,0,0
BRDA:491,13,1,0
BRDA:494,14,0,0
BRDA:494,14,1,0
BRDA:499,15,0,0
BRDA:499,15,1,0
BRDA:502,16,0,0
BRDA:502,16,1,0
BRDA:506,17,0,0
BRDA:506,17,1,0
BRDA:509,18,0,0
BRDA:509,18,1,0
BRDA:512,19,0,0
BRDA:512,19,1,0
BRDA:513,20,0,0
BRDA:513,20,1,0
BRDA:516,21,0,0
BRDA:516,21,1,0
BRDA:519,22,0,0
BRDA:519,22,1,0
BRDA:522,23,0,0
BRDA:522,23,1,0
BRDA:525,24,0,0
BRDA:525,24,1,0
BRDA:528,25,0,0
BRDA:528,25,1,0
BRDA:533,26,0,0
BRDA:533,26,1,0
BRDA:536,27,0,0
BRDA:536,27,1,0
BRDA:541,28,0,0
BRDA:541,28,1,0
BRDA:544,29,0,0
BRDA:544,29,1,0
BRDA:552,30,0,0
BRDA:552,30,1,0
BRDA:554,31,0,0
BRDA:554,31,1,0
BRDA:556,32,0,0
BRDA:556,32,1,0
BRDA:558,33,0,0
BRDA:558,33,1,0
BRDA:568,34,0,0
BRDA:568,34,1,0
BRDA:568,35,0,0
BRDA:568,35,1,0
BRDA:572,36,0,0
BRDA:572,36,1,0
BRDA:573,37,0,0
BRDA:573,37,1,0
BRDA:573,38,0,0
BRDA:573,38,1,0
BRDA:574,39,0,0
BRDA:574,39,1,0
BRDA:576,40,0,0
BRDA:576,40,1,0
BRF:82
BRH:0
end_of_record
TN:
SF:src\views\ActividadView.vue
FN:875,render
FN:891,(anonymous_1)
FN:896,(anonymous_2)
FN:901,(anonymous_3)
FN:915,(anonymous_4)
FN:921,(anonymous_5)
FN:945,(anonymous_6)
FN:952,(anonymous_7)
FN:961,(anonymous_8)
FN:969,(anonymous_9)
FN:979,(anonymous_10)
FN:984,(anonymous_11)
FN:991,(anonymous_12)
FN:996,(anonymous_13)
FN:1009,(anonymous_14)
FN:1015,(anonymous_15)
FN:1030,(anonymous_16)
FN:1034,(anonymous_17)
FN:1042,(anonymous_18)
FN:1050,(anonymous_19)
FNF:20
FNH:0
FNDA:0,render
FNDA:0,(anonymous_1)
FNDA:0,(anonymous_2)
FNDA:0,(anonymous_3)
FNDA:0,(anonymous_4)
FNDA:0,(anonymous_5)
FNDA:0,(anonymous_6)
FNDA:0,(anonymous_7)
FNDA:0,(anonymous_8)
FNDA:0,(anonymous_9)
FNDA:0,(anonymous_10)
FNDA:0,(anonymous_11)
FNDA:0,(anonymous_12)
FNDA:0,(anonymous_13)
FNDA:0,(anonymous_14)
FNDA:0,(anonymous_15)
FNDA:0,(anonymous_16)
FNDA:0,(anonymous_17)
FNDA:0,(anonymous_18)
FNDA:0,(anonymous_19)
DA:4,0
DA:5,0
DA:8,0
DA:709,0
DA:712,0
DA:713,0
DA:714,0
DA:717,0
DA:720,0
DA:723,0
DA:726,0
DA:729,0
DA:732,0
DA:735,0
DA:738,0
DA:741,0
DA:744,0
DA:747,0
DA:750,0
DA:753,0
DA:754,0
DA:755,0
DA:756,0
DA:757,0
DA:760,0
DA:763,0
DA:766,0
DA:769,0
DA:772,0
DA:775,0
DA:778,0
DA:781,0
DA:784,0
DA:785,0
DA:788,0
DA:789,0
DA:790,0
DA:793,0
DA:797,0
DA:800,0
DA:805,0
DA:806,0
DA:807,0
DA:810,0
DA:813,0
DA:816,0
DA:819,0
DA:822,0
DA:825,0
DA:828,0
DA:831,0
DA:834,0
DA:837,0
DA:840,0
DA:843,0
DA:846,0
DA:847,0
DA:848,0
DA:851,0
DA:854,0
DA:857,0
DA:858,0
DA:859,0
DA:860,0
DA:861,0
DA:865,0
DA:869,0
DA:872,0
DA:873,0
DA:874,0
DA:876,0
DA:891,0
DA:897,0
DA:901,0
DA:915,0
DA:921,0
DA:945,0
DA:952,0
DA:961,0
DA:969,0
DA:980,0
DA:984,0
DA:991,0
DA:996,0
DA:1009,0
DA:1015,0
DA:1030,0
DA:1035,0
DA:1042,0
DA:1050,0
DA:1063,0
LF:91
LH:0
BRDA:878,0,0,0
BRDA:878,0,1,0
BRDA:886,1,0,0
BRDA:886,1,1,0
BRDA:891,2,0,0
BRDA:891,2,1,0
BRDA:900,3,0,0
BRDA:900,3,1,0
BRDA:900,4,0,0
BRDA:900,4,1,0
BRDA:905,5,0,0
BRDA:905,5,1,0
BRDA:912,6,0,0
BRDA:912,6,1,0
BRDA:913,7,0,0
BRDA:913,7,1,0
BRDA:919,8,0,0
BRDA:919,8,1,0
BRDA:925,9,0,0
BRDA:925,9,1,0
BRDA:927,10,0,0
BRDA:927,10,1,0
BRDA:931,11,0,0
BRDA:931,11,1,0
BRDA:931,12,0,0
BRDA:931,12,1,0
BRDA:931,13,0,0
BRDA:931,13,1,0
BRDA:935,14,0,0
BRDA:935,14,1,0
BRDA:935,15,0,0
BRDA:935,15,1,0
BRDA:943,16,0,0
BRDA:943,16,1,0
BRDA:946,17,0,0
BRDA:946,17,1,0
BRDA:953,18,0,0
BRDA:953,18,1,0
BRDA:957,19,0,0
BRDA:957,19,1,0
BRDA:957,20,0,0
BRDA:957,20,1,0
BRDA:961,21,0,0
BRDA:961,21,1,0
BRDA:963,22,0,0
BRDA:963,22,1,0
BRDA:969,23,0,0
BRDA:969,23,1,0
BRDA:971,24,0,0
BRDA:971,24,1,0
BRDA:977,25,0,0
BRDA:977,25,1,0
BRDA:982,26,0,0
BRDA:982,26,1,0
BRDA:982,27,0,0
BRDA:982,27,1,0
BRDA:982,28,0,0
BRDA:982,28,1,0
BRDA:982,29,0,0
BRDA:982,29,1,0
BRDA:982,30,0,0
BRDA:982,30,1,0
BRDA:982,31,0,0
BRDA:982,31,1,0
BRDA:982,32,0,0
BRDA:982,32,1,0
BRDA:985,33,0,0
BRDA:985,33,1,0
BRDA:992,34,0,0
BRDA:992,34,1,0
BRDA:999,35,0,0
BRDA:999,35,1,0
BRDA:1006,36,0,0
BRDA:1006,36,1,0
BRDA:1007,37,0,0
BRDA:1007,37,1,0
BRDA:1013,38,0,0
BRDA:1013,38,1,0
BRDA:1018,39,0,0
BRDA:1018,39,1,0
BRDA:1021,40,0,0
BRDA:1021,40,1,0
BRDA:1021,41,0,0
BRDA:1021,41,1,0
BRDA:1024,42,0,0
BRDA:1024,42,1,0
BRDA:1030,43,0,0
BRDA:1030,43,1,0
BRDA:1032,44,0,0
BRDA:1032,44,1,0
BRDA:1050,45,0,0
BRDA:1050,45,1,0
BRDA:1052,46,0,0
BRDA:1052,46,1,0
BRDA:1054,47,0,0
BRDA:1054,47,1,0
BRF:96
BRH:0
end_of_record
TN:
SF:src\views\BoletasGestionView.vue
FN:651,render
FN:663,(anonymous_1)
FN:672,(anonymous_2)
FN:676,(anonymous_3)
FN:683,(anonymous_4)
FN:693,(anonymous_5)
FN:701,(anonymous_6)
FN:720,(anonymous_7)
FN:721,(anonymous_8)
FN:731,(anonymous_9)
FN:740,(anonymous_10)
FN:741,(anonymous_11)
FN:750,(anonymous_12)
FN:758,(anonymous_13)
FNF:14
FNH:0
FNDA:0,render
FNDA:0,(anonymous_1)
FNDA:0,(anonymous_2)
FNDA:0,(anonymous_3)
FNDA:0,(anonymous_4)
FNDA:0,(anonymous_5)
FNDA:0,(anonymous_6)
FNDA:0,(anonymous_7)
FNDA:0,(anonymous_8)
FNDA:0,(anonymous_9)
FNDA:0,(anonymous_10)
FNDA:0,(anonymous_11)
FNDA:0,(anonymous_12)
FNDA:0,(anonymous_13)
DA:4,0
DA:5,0
DA:8,0
DA:482,0
DA:485,0
DA:486,0
DA:487,0
DA:490,0
DA:493,0
DA:496,0
DA:499,0
DA:502,0
DA:505,0
DA:508,0
DA:511,0
DA:514,0
DA:517,0
DA:520,0
DA:523,0
DA:526,0
DA:529,0
DA:532,0
DA:535,0
DA:538,0
DA:541,0
DA:542,0
DA:546,0
DA:549,0
DA:552,0
DA:555,0
DA:558,0
DA:561,0
DA:562,0
DA:563,0
DA:566,0
DA:569,0
DA:572,0
DA:575,0
DA:578,0
DA:581,0
DA:584,0
DA:585,0
DA:586,0
DA:590,0
DA:594,0
DA:597,0
DA:600,0
DA:603,0
DA:606,0
DA:609,0
DA:612,0
DA:615,0
DA:618,0
DA:621,0
DA:624,0
DA:627,0
DA:630,0
DA:631,0
DA:632,0
DA:635,0
DA:638,0
DA:641,0
DA:642,0
DA:643,0
DA:647,0
DA:652,0
DA:663,0
DA:672,0
DA:677,0
DA:684,0
DA:693,0
DA:701,0
DA:720,0
DA:722,0
DA:732,0
DA:740,0
DA:742,0
DA:750,0
DA:758,0
DA:767,0
LF:80
LH:0
BRDA:652,0,0,0
BRDA:652,0,1,0
BRDA:656,1,0,0
BRDA:656,1,1,0
BRDA:658,2,0,0
BRDA:658,2,1,0
BRDA:660,3,0,0
BRDA:660,3,1,0
BRDA:663,4,0,0
BRDA:663,4,1,0
BRDA:669,5,0,0
BRDA:669,5,1,0
BRDA:672,6,0,0
BRDA:672,6,1,0
BRDA:674,7,0,0
BRDA:674,7,1,0
BRDA:681,8,0,0
BRDA:681,8,1,0
BRDA:687,9,0,0
BRDA:687,9,1,0
BRDA:694,10,0,0
BRDA:694,10,1,0
BRDA:702,11,0,0
BRDA:702,11,1,0
BRDA:704,12,0,0
BRDA:704,12,1,0
BRDA:706,13,0,0
BRDA:706,13,1,0
BRDA:708,14,0,0
BRDA:708,14,1,0
BRDA:710,15,0,0
BRDA:710,15,1,0
BRDA:712,16,0,0
BRDA:712,16,1,0
BRDA:712,17,0,0
BRDA:712,17,1,0
BRDA:714,18,0,0
BRDA:714,18,1,0
BRDA:726,19,0,0
BRDA:726,19,1,0
BRDA:726,20,0,0
BRDA:726,20,1,0
BRDA:729,21,0,0
BRDA:729,21,1,0
BRDA:729,22,0,0
BRDA:729,22,1,0
BRDA:734,23,0,0
BRDA:734,23,1,0
BRDA:734,24,0,0
BRDA:734,24,1,0
BRDA:751,25,0,0
BRDA:751,25,1,0
BRDA:759,26,0,0
BRDA:759,26,1,0
BRDA:762,27,0,0
BRDA:762,27,1,0
BRDA:762,28,0,0
BRDA:762,28,1,0
BRF:58
BRH:0
end_of_record
TN:
SF:src\views\DocumentoActividadPdfView.vue
FN:946,render
FN:956,(anonymous_1)
FN:965,(anonymous_2)
FN:1001,(anonymous_3)
FN:1011,(anonymous_4)
FN:1030,(anonymous_5)
FN:1038,(anonymous_6)
FN:1064,(anonymous_7)
FN:1099,(anonymous_8)
FN:1105,(anonymous_9)
FN:1122,(anonymous_10)
FN:1128,(anonymous_11)
FNF:12
FNH:0
FNDA:0,render
FNDA:0,(anonymous_1)
FNDA:0,(anonymous_2)
FNDA:0,(anonymous_3)
FNDA:0,(anonymous_4)
FNDA:0,(anonymous_5)
FNDA:0,(anonymous_6)
FNDA:0,(anonymous_7)
FNDA:0,(anonymous_8)
FNDA:0,(anonymous_9)
FNDA:0,(anonymous_10)
FNDA:0,(anonymous_11)
DA:4,0
DA:5,0
DA:8,0
DA:27,0
DA:28,0
DA:29,0
DA:551,0
DA:554,0
DA:555,0
DA:556,0
DA:559,0
DA:562,0
DA:563,0
DA:567,0
DA:571,0
DA:575,0
DA:578,0
DA:581,0
DA:584,0
DA:587,0
DA:588,0
DA:591,0
DA:594,0
DA:597,0
DA:600,0
DA:603,0
DA:606,0
DA:609,0
DA:612,0
DA:616,0
DA:619,0
DA:622,0
DA:625,0
DA:628,0
DA:631,0
DA:634,0
DA:637,0
DA:641,0
DA:644,0
DA:647,0
DA:650,0
DA:653,0
DA:656,0
DA:659,0
DA:662,0
DA:665,0
DA:668,0
DA:671,0
DA:674,0
DA:677,0
DA:680,0
DA:683,0
DA:686,0
DA:687,0
DA:690,0
DA:693,0
DA:697,0
DA:700,0
DA:703,0
DA:707,0
DA:710,0
DA:713,0
DA:716,0
DA:719,0
DA:722,0
DA:725,0
DA:728,0
DA:731,0
DA:732,0
DA:735,0
DA:738,0
DA:741,0
DA:744,0
DA:747,0
DA:750,0
DA:753,0
DA:756,0
DA:759,0
DA:762,0
DA:765,0
DA:768,0
DA:771,0
DA:774,0
DA:777,0
DA:780,0
DA:783,0
DA:787,0
DA:790,0
DA:793,0
DA:796,0
DA:799,0
DA:802,0
DA:805,0
DA:808,0
DA:811,0
DA:814,0
DA:815,0
DA:819,0
DA:822,0
DA:825,0
DA:828,0
DA:831,0
DA:834,0
DA:837,0
DA:840,0
DA:843,0
DA:846,0
DA:849,0
DA:852,0
DA:853,0
DA:857,0
DA:861,0
DA:864,0
DA:867,0
DA:870,0
DA:874,0
DA:877,0
DA:880,0
DA:883,0
DA:886,0
DA:889,0
DA:892,0
DA:896,0
DA:899,0
DA:902,0
DA:905,0
DA:908,0
DA:911,0
DA:914,0
DA:917,0
DA:921,0
DA:924,0
DA:927,0
DA:930,0
DA:934,0
DA:937,0
DA:940,0
DA:943,0
DA:947,0
DA:948,0
DA:956,0
DA:965,0
DA:1002,0
DA:1012,0
DA:1031,0
DA:1039,0
DA:1064,0
DA:1100,0
DA:1106,0
DA:1123,0
DA:1129,0
DA:1143,0
LF:152
LH:0
BRDA:956,0,0,0
BRDA:956,0,1,0
BRDA:956,1,0,0
BRDA:956,1,1,0
BRDA:957,2,0,0
BRDA:957,2,1,0
BRDA:959,3,0,0
BRDA:959,3,1,0
BRDA:959,4,0,0
BRDA:959,4,1,0
BRDA:959,5,0,0
BRDA:959,5,1,0
BRDA:959,6,0,0
BRDA:959,6,1,0
BRDA:971,7,0,0
BRDA:971,7,1,0
BRDA:971,8,0,0
BRDA:971,8,1,0
BRDA:975,9,0,0
BRDA:975,9,1,0
BRDA:977,10,0,0
BRDA:977,10,1,0
BRDA:979,11,0,0
BRDA:979,11,1,0
BRDA:981,12,0,0
BRDA:981,12,1,0
BRDA:981,13,0,0
BRDA:981,13,1,0
BRDA:983,14,0,0
BRDA:983,14,1,0
BRDA:983,15,0,0
BRDA:983,15,1,0
BRDA:985,16,0,0
BRDA:985,16,1,0
BRDA:985,17,0,0
BRDA:985,17,1,0
BRDA:989,18,0,0
BRDA:989,18,1,0
BRDA:991,19,0,0
BRDA:991,19,1,0
BRDA:991,20,0,0
BRDA:991,20,1,0
BRDA:993,21,0,0
BRDA:993,21,1,0
BRDA:993,22,0,0
BRDA:993,22,1,0
BRDA:995,23,0,0
BRDA:995,23,1,0
BRDA:995,24,0,0
BRDA:995,24,1,0
BRDA:1005,25,0,0
BRDA:1005,25,1,0
BRDA:1005,26,0,0
BRDA:1005,26,1,0
BRDA:1007,27,0,0
BRDA:1007,27,1,0
BRDA:1007,28,0,0
BRDA:1007,28,1,0
BRDA:1007,29,0,0
BRDA:1007,29,1,0
BRDA:1007,30,0,0
BRDA:1007,30,1,0
BRDA:1009,31,0,0
BRDA:1009,31,1,0
BRDA:1009,32,0,0
BRDA:1009,32,1,0
BRDA:1011,33,0,0
BRDA:1011,33,1,0
BRDA:1014,34,0,0
BRDA:1014,34,1,0
BRDA:1015,35,0,0
BRDA:1015,35,1,0
BRDA:1019,36,0,0
BRDA:1019,36,1,0
BRDA:1021,37,0,0
BRDA:1021,37,1,0
BRDA:1023,38,0,0
BRDA:1023,38,1,0
BRDA:1025,39,0,0
BRDA:1025,39,1,0
BRDA:1027,40,0,0
BRDA:1027,40,1,0
BRDA:1034,41,0,0
BRDA:1034,41,1,0
BRDA:1040,42,0,0
BRDA:1040,42,1,0
BRDA:1044,43,0,0
BRDA:1044,43,1,0
BRDA:1046,44,0,0
BRDA:1046,44,1,0
BRDA:1046,45,0,0
BRDA:1046,45,1,0
BRDA:1047,46,0,0
BRDA:1047,46,1,0
BRDA:1047,47,0,0
BRDA:1047,47,1,0
BRDA:1049,48,0,0
BRDA:1049,48,1,0
BRDA:1049,49,0,0
BRDA:1049,49,1,0
BRDA:1051,50,0,0
BRDA:1051,50,1,0
BRDA:1053,51,0,0
BRDA:1053,51,1,0
BRDA:1054,52,0,0
BRDA:1054,52,1,0
BRDA:1054,53,0,0
BRDA:1054,53,1,0
BRDA:1056,54,0,0
BRDA:1056,54,1,0
BRDA:1058,55,0,0
BRDA:1058,55,1,0
BRDA:1058,56,0,0
BRDA:1058,56,1,0
BRDA:1070,57,0,0
BRDA:1070,57,1,0
BRDA:1070,58,0,0
BRDA:1070,58,1,0
BRDA:1072,59,0,0
BRDA:1072,59,1,0
BRDA:1072,60,0,0
BRDA:1072,60,1,0
BRDA:1074,61,0,0
BRDA:1074,61,1,0
BRDA:1076,62,0,0
BRDA:1076,62,1,0
BRDA:1076,62,2,0
BRDA:1076,63,0,0
BRDA:1076,63,1,0
BRDA:1078,64,0,0
BRDA:1078,64,1,0
BRDA:1078,65,0,0
BRDA:1078,65,1,0
BRDA:1080,66,0,0
BRDA:1080,66,1,0
BRDA:1080,67,0,0
BRDA:1080,67,1,0
BRDA:1082,68,0,0
BRDA:1082,68,1,0
BRDA:1082,69,0,0
BRDA:1082,69,1,0
BRDA:1084,70,0,0
BRDA:1084,70,1,0
BRDA:1084,71,0,0
BRDA:1084,71,1,0
BRDA:1086,72,0,0
BRDA:1086,72,1,0
BRDA:1086,73,0,0
BRDA:1086,73,1,0
BRDA:1086,74,0,0
BRDA:1086,74,1,0
BRDA:1088,75,0,0
BRDA:1088,75,1,0
BRDA:1090,76,0,0
BRDA:1090,76,1,0
BRDA:1092,77,0,0
BRDA:1092,77,1,0
BRDA:1094,78,0,0
BRDA:1094,78,1,0
BRDA:1094,79,0,0
BRDA:1094,79,1,0
BRDA:1097,80,0,0
BRDA:1097,80,1,0
BRDA:1103,81,0,0
BRDA:1103,81,1,0
BRDA:1107,82,0,0
BRDA:1107,82,1,0
BRDA:1109,83,0,0
BRDA:1109,83,1,0
BRDA:1111,84,0,0
BRDA:1111,84,1,0
BRDA:1113,85,0,0
BRDA:1113,85,1,0
BRDA:1115,86,0,0
BRDA:1115,86,1,0
BRDA:1115,87,0,0
BRDA:1115,87,1,0
BRDA:1118,88,0,0
BRDA:1118,88,1,0
BRDA:1121,89,0,0
BRDA:1121,89,1,0
BRDA:1126,90,0,0
BRDA:1126,90,1,0
BRDA:1128,91,0,0
BRDA:1128,91,1,0
BRDA:1130,92,0,0
BRDA:1130,92,1,0
BRDA:1132,93,0,0
BRDA:1132,93,1,0
BRDA:1132,94,0,0
BRDA:1132,94,1,0
BRDA:1132,95,0,0
BRDA:1132,95,1,0
BRDA:1132,96,0,0
BRDA:1132,96,1,0
BRDA:1132,97,0,0
BRDA:1132,97,1,0
BRDA:1132,98,0,0
BRDA:1132,98,1,0
BRDA:1132,99,0,0
BRDA:1132,99,1,0
BRDA:1134,100,0,0
BRDA:1134,100,1,0
BRDA:1136,101,0,0
BRDA:1136,101,1,0
BRDA:1136,102,0,0
BRDA:1136,102,1,0
BRDA:1138,103,0,0
BRDA:1138,103,1,0
BRDA:1138,104,0,0
BRDA:1138,104,1,0
BRDA:1138,105,0,0
BRDA:1138,105,1,0
BRDA:1140,106,0,0
BRDA:1140,106,1,0
BRDA:1142,107,0,0
BRDA:1142,107,1,0
BRDA:1142,108,0,0
BRDA:1142,108,1,0
BRDA:1142,109,0,0
BRDA:1142,109,1,0
BRF:221
BRH:0
end_of_record
TN:
SF:src\views\DocumentosView.vue
FN:2629,render
FN:2630,(anonymous_1)
FN:2641,(anonymous_2)
FN:2658,(anonymous_3)
FN:2666,(anonymous_4)
FN:2666,(anonymous_5)
FN:2677,(anonymous_6)
FN:2685,(anonymous_7)
FN:2692,(anonymous_8)
FN:2704,(anonymous_9)
FN:2710,(anonymous_10)
FN:2730,(anonymous_11)
FN:2741,(anonymous_12)
FN:2746,(anonymous_13)
FN:2754,(anonymous_14)
FN:2762,(anonymous_15)
FN:2770,(anonymous_16)
FN:2778,(anonymous_17)
FN:2788,(anonymous_18)
FN:2791,(anonymous_19)
FN:2798,(anonymous_20)
FN:2807,(anonymous_21)
FN:2816,(anonymous_22)
FN:2823,(anonymous_23)
FN:2831,(anonymous_24)
FN:2839,(anonymous_25)
FN:2852,(anonymous_26)
FN:2855,(anonymous_27)
FN:2862,(anonymous_28)
FN:2871,(anonymous_29)
FN:2880,(anonymous_30)
FN:2884,(anonymous_31)
FN:2889,(anonymous_32)
FN:2898,(anonymous_33)
FN:2903,(anonymous_34)
FN:2904,(anonymous_35)
FN:2907,(anonymous_36)
FN:2917,(anonymous_37)
FN:2922,(anonymous_38)
FN:2933,(anonymous_39)
FN:2941,(anonymous_40)
FN:2946,(anonymous_41)
FN:2955,(anonymous_42)
FN:2963,(anonymous_43)
FN:2972,(anonymous_44)
FN:2981,(anonymous_45)
FN:2989,(anonymous_46)
FN:2998,(anonymous_47)
FN:3010,(anonymous_48)
FN:3019,(anonymous_49)
FN:3026,(anonymous_50)
FN:3036,(anonymous_51)
FN:3046,(anonymous_52)
FN:3055,(anonymous_53)
FN:3065,(anonymous_54)
FN:3072,(anonymous_55)
FN:3078,(anonymous_56)
FN:3085,(anonymous_57)
FN:3092,(anonymous_58)
FN:3095,(anonymous_59)
FN:3102,(anonymous_60)
FN:3110,(anonymous_61)
FN:3118,(anonymous_62)
FN:3122,(anonymous_63)
FN:3130,(anonymous_64)
FN:3135,(anonymous_65)
FN:3141,(anonymous_66)
FN:3149,(anonymous_67)
FN:3156,(anonymous_68)
FN:3162,(anonymous_69)
FN:3168,(anonymous_70)
FN:3174,(anonymous_71)
FN:3180,(anonymous_72)
FN:3186,(anonymous_73)
FN:3191,(anonymous_74)
FN:3199,(anonymous_75)
FN:3206,(anonymous_76)
FN:3213,(anonymous_77)
FN:3240,(anonymous_78)
FN:3258,(anonymous_79)
FN:3269,(anonymous_80)
FN:3281,(anonymous_81)
FN:3295,(anonymous_82)
FN:3306,(anonymous_83)
FNF:84
FNH:0
FNDA:0,render
FNDA:0,(anonymous_1)
FNDA:0,(anonymous_2)
FNDA:0,(anonymous_3)
FNDA:0,(anonymous_4)
FNDA:0,(anonymous_5)
FNDA:0,(anonymous_6)
FNDA:0,(anonymous_7)
FNDA:0,(anonymous_8)
FNDA:0,(anonymous_9)
FNDA:0,(anonymous_10)
FNDA:0,(anonymous_11)
FNDA:0,(anonymous_12)
FNDA:0,(anonymous_13)
FNDA:0,(anonymous_14)
FNDA:0,(anonymous_15)
FNDA:0,(anonymous_16)
FNDA:0,(anonymous_17)
FNDA:0,(anonymous_18)
FNDA:0,(anonymous_19)
FNDA:0,(anonymous_20)
FNDA:0,(anonymous_21)
FNDA:0,(anonymous_22)
FNDA:0,(anonymous_23)
FNDA:0,(anonymous_24)
FNDA:0,(anonymous_25)
FNDA:0,(anonymous_26)
FNDA:0,(anonymous_27)
FNDA:0,(anonymous_28)
FNDA:0,(anonymous_29)
FNDA:0,(anonymous_30)
FNDA:0,(anonymous_31)
FNDA:0,(anonymous_32)
FNDA:0,(anonymous_33)
FNDA:0,(anonymous_34)
FNDA:0,(anonymous_35)
FNDA:0,(anonymous_36)
FNDA:0,(anonymous_37)
FNDA:0,(anonymous_38)
FNDA:0,(anonymous_39)
FNDA:0,(anonymous_40)
FNDA:0,(anonymous_41)
FNDA:0,(anonymous_42)
FNDA:0,(anonymous_43)
FNDA:0,(anonymous_44)
FNDA:0,(anonymous_45)
FNDA:0,(anonymous_46)
FNDA:0,(anonymous_47)
FNDA:0,(anonymous_48)
FNDA:0,(anonymous_49)
FNDA:0,(anonymous_50)
FNDA:0,(anonymous_51)
FNDA:0,(anonymous_52)
FNDA:0,(anonymous_53)
FNDA:0,(anonymous_54)
FNDA:0,(anonymous_55)
FNDA:0,(anonymous_56)
FNDA:0,(anonymous_57)
FNDA:0,(anonymous_58)
FNDA:0,(anonymous_59)
FNDA:0,(anonymous_60)
FNDA:0,(anonymous_61)
FNDA:0,(anonymous_62)
FNDA:0,(anonymous_63)
FNDA:0,(anonymous_64)
FNDA:0,(anonymous_65)
FNDA:0,(anonymous_66)
FNDA:0,(anonymous_67)
FNDA:0,(anonymous_68)
FNDA:0,(anonymous_69)
FNDA:0,(anonymous_70)
FNDA:0,(anonymous_71)
FNDA:0,(anonymous_72)
FNDA:0,(anonymous_73)
FNDA:0,(anonymous_74)
FNDA:0,(anonymous_75)
FNDA:0,(anonymous_76)
FNDA:0,(anonymous_77)
FNDA:0,(anonymous_78)
FNDA:0,(anonymous_79)
FNDA:0,(anonymous_80)
FNDA:0,(anonymous_81)
FNDA:0,(anonymous_82)
FNDA:0,(anonymous_83)
DA:4,0
DA:5,0
DA:8,0
DA:9,0
DA:10,0
DA:2151,0
DA:2154,0
DA:2155,0
DA:2156,0
DA:2159,0
DA:2162,0
DA:2165,0
DA:2168,0
DA:2171,0
DA:2172,0
DA:2176,0
DA:2179,0
DA:2182,0
DA:2185,0
DA:2188,0
DA:2191,0
DA:2195,0
DA:2196,0
DA:2197,0
DA:2201,0
DA:2202,0
DA:2205,0
DA:2208,0
DA:2212,0
DA:2215,0
DA:2218,0
DA:2221,0
DA:2222,0
DA:2226,0
DA:2230,0
DA:2233,0
DA:2236,0
DA:2239,0
DA:2242,0
DA:2246,0
DA:2249,0
DA:2252,0
DA:2255,0
DA:2258,0
DA:2261,0
DA:2264,0
DA:2268,0
DA:2271,0
DA:2272,0
DA:2276,0
DA:2280,0
DA:2283,0
DA:2286,0
DA:2289,0
DA:2292,0
DA:2295,0
DA:2298,0
DA:2301,0
DA:2304,0
DA:2307,0
DA:2310,0
DA:2313,0
DA:2316,0
DA:2317,0
DA:2320,0
DA:2321,0
DA:2324,0
DA:2325,0
DA:2328,0
DA:2331,0
DA:2334,0
DA:2337,0
DA:2340,0
DA:2343,0
DA:2346,0
DA:2349,0
DA:2352,0
DA:2353,0
DA:2356,0
DA:2357,0
DA:2360,0
DA:2361,0
DA:2364,0
DA:2365,0
DA:2369,0
DA:2372,0
DA:2375,0
DA:2378,0
DA:2379,0
DA:2382,0
DA:2385,0
DA:2388,0
DA:2391,0
DA:2392,0
DA:2395,0
DA:2398,0
DA:2402,0
DA:2403,0
DA:2406,0
DA:2407,0
DA:2408,0
DA:2412,0
DA:2416,0
DA:2419,0
DA:2422,0
DA:2425,0
DA:2428,0
DA:2431,0
DA:2434,0
DA:2437,0
DA:2440,0
DA:2443,0
DA:2446,0
DA:2449,0
DA:2452,0
DA:2455,0
DA:2458,0
DA:2459,0
DA:2462,0
DA:2465,0
DA:2466,0
DA:2469,0
DA:2470,0
DA:2473,0
DA:2474,0
DA:2477,0
DA:2480,0
DA:2484,0
DA:2485,0
DA:2489,0
DA:2492,0
DA:2493,0
DA:2494,0
DA:2495,0
DA:2496,0
DA:2499,0
DA:2502,0
DA:2505,0
DA:2508,0
DA:2509,0
DA:2512,0
DA:2515,0
DA:2516,0
DA:2519,0
DA:2522,0
DA:2523,0
DA:2526,0
DA:2527,0
DA:2530,0
DA:2531,0
DA:2534,0
DA:2535,0
DA:2538,0
DA:2541,0
DA:2544,0
DA:2547,0
DA:2550,0
DA:2554,0
DA:2557,0
DA:2558,0
DA:2561,0
DA:2562,0
DA:2563,0
DA:2564,0
DA:2568,0
DA:2574,0
DA:2577,0
DA:2581,0
DA:2584,0
DA:2588,0
DA:2589,0
DA:2593,0
DA:2597,0
DA:2598,0
DA:2601,0
DA:2602,0
DA:2606,0
DA:2610,0
DA:2616,0
DA:2620,0
DA:2621,0
DA:2624,0
DA:2625,0
DA:2630,0
DA:2631,0
DA:2641,0
DA:2658,0
DA:2666,0
DA:2678,0
DA:2685,0
DA:2692,0
DA:2704,0
DA:2710,0
DA:2731,0
DA:2741,0
DA:2746,0
DA:2754,0
DA:2762,0
DA:2770,0
DA:2778,0
DA:2788,0
DA:2792,0
DA:2798,0
DA:2807,0
DA:2816,0
DA:2823,0
DA:2831,0
DA:2839,0
DA:2852,0
DA:2856,0
DA:2862,0
DA:2871,0
DA:2880,0
DA:2885,0
DA:2889,0
DA:2898,0
DA:2903,0
DA:2904,0
DA:2908,0
DA:2917,0
DA:2923,0
DA:2933,0
DA:2941,0
DA:2946,0
DA:2955,0
DA:2963,0
DA:2972,0
DA:2981,0
DA:2989,0
DA:2998,0
DA:3010,0
DA:3020,0
DA:3026,0
DA:3036,0
DA:3046,0
DA:3055,0
DA:3065,0
DA:3072,0
DA:3078,0
DA:3085,0
DA:3092,0
DA:3096,0
DA:3102,0
DA:3111,0
DA:3118,0
DA:3123,0
DA:3130,0
DA:3135,0
DA:3141,0
DA:3149,0
DA:3156,0
DA:3162,0
DA:3168,0
DA:3174,0
DA:3180,0
DA:3187,0
DA:3191,0
DA:3199,0
DA:3206,0
DA:3213,0
DA:3240,0
DA:3259,0
DA:3270,0
DA:3281,0
DA:3296,0
DA:3306,0
DA:3309,0
LF:267
LH:0
BRDA:2630,0,0,0
BRDA:2630,0,1,0
BRDA:2642,1,0,0
BRDA:2642,1,1,0
BRDA:2645,2,0,0
BRDA:2645,2,1,0
BRDA:2645,3,0,0
BRDA:2645,3,1,0
BRDA:2651,4,0,0
BRDA:2651,4,1,0
BRDA:2658,5,0,0
BRDA:2658,5,1,0
BRDA:2666,6,0,0
BRDA:2666,6,1,0
BRDA:2666,7,0,0
BRDA:2666,7,1,0
BRDA:2672,8,0,0
BRDA:2672,8,1,0
BRDA:2675,9,0,0
BRDA:2675,9,1,0
BRDA:2677,10,0,0
BRDA:2677,10,1,0
BRDA:2686,11,0,0
BRDA:2686,11,1,0
BRDA:2686,12,0,0
BRDA:2686,12,1,0
BRDA:2687,13,0,0
BRDA:2687,13,1,0
BRDA:2687,14,0,0
BRDA:2687,14,1,0
BRDA:2689,15,0,0
BRDA:2689,15,1,0
BRDA:2692,16,0,0
BRDA:2692,16,1,0
BRDA:2695,17,0,0
BRDA:2695,17,1,0
BRDA:2699,18,0,0
BRDA:2699,18,1,0
BRDA:2701,19,0,0
BRDA:2701,19,1,0
BRDA:2704,20,0,0
BRDA:2704,20,1,0
BRDA:2707,21,0,0
BRDA:2707,21,1,0
BRDA:2710,22,0,0
BRDA:2710,22,1,0
BRDA:2714,23,0,0
BRDA:2714,23,1,0
BRDA:2714,24,0,0
BRDA:2714,24,1,0
BRDA:2718,25,0,0
BRDA:2718,25,1,0
BRDA:2718,26,0,0
BRDA:2718,26,1,0
BRDA:2720,27,0,0
BRDA:2720,27,1,0
BRDA:2720,28,0,0
BRDA:2720,28,1,0
BRDA:2720,29,0,0
BRDA:2720,29,1,0
BRDA:2722,30,0,0
BRDA:2722,30,1,0
BRDA:2722,31,0,0
BRDA:2722,31,1,0
BRDA:2722,32,0,0
BRDA:2722,32,1,0
BRDA:2724,33,0,0
BRDA:2724,33,1,0
BRDA:2726,34,0,0
BRDA:2726,34,1,0
BRDA:2726,35,0,0
BRDA:2726,35,1,0
BRDA:2726,36,0,0
BRDA:2726,36,1,0
BRDA:2726,37,0,0
BRDA:2726,37,1,0
BRDA:2726,38,0,0
BRDA:2726,38,1,0
BRDA:2728,39,0,0
BRDA:2728,39,1,0
BRDA:2728,40,0,0
BRDA:2728,40,1,0
BRDA:2730,41,0,0
BRDA:2730,41,1,0
BRDA:2730,42,0,0
BRDA:2730,42,1,0
BRDA:2730,43,0,0
BRDA:2730,43,1,0
BRDA:2737,44,0,0
BRDA:2737,44,1,0
BRDA:2738,45,0,0
BRDA:2738,45,1,0
BRDA:2742,46,0,0
BRDA:2742,46,1,0
BRDA:2743,47,0,0
BRDA:2743,47,1,0
BRDA:2743,48,0,0
BRDA:2743,48,1,0
BRDA:2743,49,0,0
BRDA:2743,49,1,0
BRDA:2746,50,0,0
BRDA:2746,50,1,0
BRDA:2751,51,0,0
BRDA:2751,51,1,0
BRDA:2754,52,0,0
BRDA:2754,52,1,0
BRDA:2759,53,0,0
BRDA:2759,53,1,0
BRDA:2762,54,0,0
BRDA:2762,54,1,0
BRDA:2767,55,0,0
BRDA:2767,55,1,0
BRDA:2770,56,0,0
BRDA:2770,56,1,0
BRDA:2775,57,0,0
BRDA:2775,57,1,0
BRDA:2775,58,0,0
BRDA:2775,58,1,0
BRDA:2778,59,0,0
BRDA:2778,59,1,0
BRDA:2783,60,0,0
BRDA:2783,60,1,0
BRDA:2788,61,0,0
BRDA:2788,61,1,0
BRDA:2789,62,0,0
BRDA:2789,62,1,0
BRDA:2795,63,0,0
BRDA:2795,63,1,0
BRDA:2804,64,0,0
BRDA:2804,64,1,0
BRDA:2817,65,0,0
BRDA:2817,65,1,0
BRDA:2820,66,0,0
BRDA:2820,66,1,0
BRDA:2823,67,0,0
BRDA:2823,67,1,0
BRDA:2828,68,0,0
BRDA:2828,68,1,0
BRDA:2831,69,0,0
BRDA:2831,69,1,0
BRDA:2836,70,0,0
BRDA:2836,70,1,0
BRDA:2839,71,0,0
BRDA:2839,71,1,0
BRDA:2840,72,0,0
BRDA:2840,72,1,0
BRDA:2842,73,0,0
BRDA:2842,73,1,0
BRDA:2844,74,0,0
BRDA:2844,74,1,0
BRDA:2852,75,0,0
BRDA:2852,75,1,0
BRDA:2853,76,0,0
BRDA:2853,76,1,0
BRDA:2855,77,0,0
BRDA:2855,77,1,0
BRDA:2859,78,0,0
BRDA:2859,78,1,0
BRDA:2868,79,0,0
BRDA:2868,79,1,0
BRDA:2881,80,0,0
BRDA:2881,80,1,0
BRDA:2884,81,0,0
BRDA:2884,81,1,0
BRDA:2884,82,0,0
BRDA:2884,82,1,0
BRDA:2895,83,0,0
BRDA:2895,83,1,0
BRDA:2895,84,0,0
BRDA:2895,84,1,0
BRDA:2898,85,0,0
BRDA:2898,85,1,0
BRDA:2903,86,0,0
BRDA:2903,86,1,0
BRDA:2904,87,0,0
BRDA:2904,87,1,0
BRDA:2912,88,0,0
BRDA:2912,88,1,0
BRDA:2914,89,0,0
BRDA:2914,89,1,0
BRDA:2917,90,0,0
BRDA:2917,90,1,0
BRDA:2918,91,0,0
BRDA:2918,91,1,0
BRDA:2920,92,0,0
BRDA:2920,92,1,0
BRDA:2922,93,0,0
BRDA:2922,93,1,0
BRDA:2928,94,0,0
BRDA:2928,94,1,0
BRDA:2930,95,0,0
BRDA:2930,95,1,0
BRDA:2930,96,0,0
BRDA:2930,96,1,0
BRDA:2930,97,0,0
BRDA:2930,97,1,0
BRDA:2942,98,0,0
BRDA:2942,98,1,0
BRDA:2945,99,0,0
BRDA:2945,99,1,0
BRDA:2945,100,0,0
BRDA:2945,100,1,0
BRDA:2946,101,0,0
BRDA:2946,101,1,0
BRDA:2952,102,0,0
BRDA:2952,102,1,0
BRDA:2952,103,0,0
BRDA:2952,103,1,0
BRDA:2955,104,0,0
BRDA:2955,104,1,0
BRDA:2960,105,0,0
BRDA:2960,105,1,0
BRDA:2963,106,0,0
BRDA:2963,106,1,0
BRDA:2969,107,0,0
BRDA:2969,107,1,0
BRDA:2972,108,0,0
BRDA:2972,108,1,0
BRDA:2978,109,0,0
BRDA:2978,109,1,0
BRDA:2981,110,0,0
BRDA:2981,110,1,0
BRDA:2986,111,0,0
BRDA:2986,111,1,0
BRDA:2989,112,0,0
BRDA:2989,112,1,0
BRDA:2995,113,0,0
BRDA:2995,113,1,0
BRDA:2998,114,0,0
BRDA:2998,114,1,0
BRDA:3003,115,0,0
BRDA:3003,115,1,0
BRDA:3010,116,0,0
BRDA:3010,116,1,0
BRDA:3011,117,0,0
BRDA:3011,117,1,0
BRDA:3023,118,0,0
BRDA:3023,118,1,0
BRDA:3031,119,0,0
BRDA:3031,119,1,0
BRDA:3033,120,0,0
BRDA:3033,120,1,0
BRDA:3041,121,0,0
BRDA:3041,121,1,0
BRDA:3043,122,0,0
BRDA:3043,122,1,0
BRDA:3056,123,0,0
BRDA:3056,123,1,0
BRDA:3058,124,0,0
BRDA:3058,124,1,0
BRDA:3060,125,0,0
BRDA:3060,125,1,0
BRDA:3066,126,0,0
BRDA:3066,126,1,0
BRDA:3073,127,0,0
BRDA:3073,127,1,0
BRDA:3075,128,0,0
BRDA:3075,128,1,0
BRDA:3079,129,0,0
BRDA:3079,129,1,0
BRDA:3081,130,0,0
BRDA:3081,130,1,0
BRDA:3086,131,0,0
BRDA:3086,131,1,0
BRDA:3089,132,0,0
BRDA:3089,132,1,0
BRDA:3092,133,0,0
BRDA:3092,133,1,0
BRDA:3093,134,0,0
BRDA:3093,134,1,0
BRDA:3099,135,0,0
BRDA:3099,135,1,0
BRDA:3108,136,0,0
BRDA:3108,136,1,0
BRDA:3120,137,0,0
BRDA:3120,137,1,0
BRDA:3136,138,0,0
BRDA:3136,138,1,0
BRDA:3138,139,0,0
BRDA:3138,139,1,0
BRDA:3146,140,0,0
BRDA:3146,140,1,0
BRDA:3155,141,0,0
BRDA:3155,141,1,0
BRDA:3156,142,0,0
BRDA:3156,142,1,0
BRDA:3161,143,0,0
BRDA:3161,143,1,0
BRDA:3162,144,0,0
BRDA:3162,144,1,0
BRDA:3167,145,0,0
BRDA:3167,145,1,0
BRDA:3168,146,0,0
BRDA:3168,146,1,0
BRDA:3173,147,0,0
BRDA:3173,147,1,0
BRDA:3174,148,0,0
BRDA:3174,148,1,0
BRDA:3179,149,0,0
BRDA:3179,149,1,0
BRDA:3180,150,0,0
BRDA:3180,150,1,0
BRDA:3199,151,0,0
BRDA:3199,151,1,0
BRDA:3200,152,0,0
BRDA:3200,152,1,0
BRDA:3201,153,0,0
BRDA:3201,153,1,0
BRDA:3206,154,0,0
BRDA:3206,154,1,0
BRDA:3207,155,0,0
BRDA:3207,155,1,0
BRDA:3208,156,0,0
BRDA:3208,156,1,0
BRDA:3210,157,0,0
BRDA:3210,157,1,0
BRDA:3213,158,0,0
BRDA:3213,158,1,0
BRDA:3214,159,0,0
BRDA:3214,159,1,0
BRDA:3215,160,0,0
BRDA:3215,160,1,0
BRDA:3217,161,0,0
BRDA:3217,161,1,0
BRDA:3217,162,0,0
BRDA:3217,162,1,0
BRDA:3219,163,0,0
BRDA:3219,163,1,0
BRDA:3240,164,0,0
BRDA:3240,164,1,0
BRDA:3241,165,0,0
BRDA:3241,165,1,0
BRDA:3241,166,0,0
BRDA:3241,166,1,0
BRDA:3247,167,0,0
BRDA:3247,167,1,0
BRDA:3256,168,0,0
BRDA:3256,168,1,0
BRDA:3258,169,0,0
BRDA:3258,169,1,0
BRDA:3265,170,0,0
BRDA:3265,170,1,0
BRDA:3267,171,0,0
BRDA:3267,171,1,0
BRDA:3269,172,0,0
BRDA:3269,172,1,0
BRDA:3269,173,0,0
BRDA:3269,173,1,0
BRDA:3275,174,0,0
BRDA:3275,174,1,0
BRDA:3277,175,0,0
BRDA:3277,175,1,0
BRDA:3277,176,0,0
BRDA:3277,176,1,0
BRDA:3277,177,0,0
BRDA:3277,177,1,0
BRDA:3282,178,0,0
BRDA:3282,178,1,0
BRDA:3283,179,0,0
BRDA:3283,179,1,0
BRDA:3285,180,0,0
BRDA:3285,180,1,0
BRDA:3295,181,0,0
BRDA:3295,181,1,0
BRDA:3301,182,0,0
BRDA:3301,182,1,0
BRDA:3303,183,0,0
BRDA:3303,183,1,0
BRDA:3303,184,0,0
BRDA:3303,184,1,0
BRDA:3303,185,0,0
BRDA:3303,185,1,0
BRF:372
BRH:0
end_of_record
TN:
SF:src\views\GaleriaFotosView.vue
FN:1032,render
FN:1040,(anonymous_1)
FN:1047,(anonymous_2)
FN:1052,(anonymous_3)
FN:1061,(anonymous_4)
FN:1069,(anonymous_5)
FN:1078,(anonymous_6)
FN:1100,(anonymous_7)
FN:1104,(anonymous_8)
FN:1111,(anonymous_9)
FN:1118,(anonymous_10)
FN:1126,(anonymous_11)
FN:1140,(anonymous_12)
FN:1141,(anonymous_13)
FN:1149,(anonymous_14)
FN:1158,(anonymous_15)
FN:1168,(anonymous_16)
FN:1176,(anonymous_17)
FN:1180,(anonymous_18)
FN:1188,(anonymous_19)
FN:1224,(anonymous_20)
FN:1237,(anonymous_21)
FN:1244,(anonymous_22)
FN:1252,(anonymous_23)
FN:1261,(anonymous_24)
FN:1269,(anonymous_25)
FN:1284,(anonymous_26)
FN:1293,(anonymous_27)
FNF:28
FNH:0
FNDA:0,render
FNDA:0,(anonymous_1)
FNDA:0,(anonymous_2)
FNDA:0,(anonymous_3)
FNDA:0,(anonymous_4)
FNDA:0,(anonymous_5)
FNDA:0,(anonymous_6)
FNDA:0,(anonymous_7)
FNDA:0,(anonymous_8)
FNDA:0,(anonymous_9)
FNDA:0,(anonymous_10)
FNDA:0,(anonymous_11)
FNDA:0,(anonymous_12)
FNDA:0,(anonymous_13)
FNDA:0,(anonymous_14)
FNDA:0,(anonymous_15)
FNDA:0,(anonymous_16)
FNDA:0,(anonymous_17)
FNDA:0,(anonymous_18)
FNDA:0,(anonymous_19)
FNDA:0,(anonymous_20)
FNDA:0,(anonymous_21)
FNDA:0,(anonymous_22)
FNDA:0,(anonymous_23)
FNDA:0,(anonymous_24)
FNDA:0,(anonymous_25)
FNDA:0,(anonymous_26)
FNDA:0,(anonymous_27)
DA:4,0
DA:5,0
DA:8,0
DA:30,0
DA:796,0
DA:799,0
DA:800,0
DA:801,0
DA:804,0
DA:807,0
DA:810,0
DA:813,0
DA:816,0
DA:819,0
DA:822,0
DA:825,0
DA:828,0
DA:831,0
DA:834,0
DA:837,0
DA:840,0
DA:843,0
DA:844,0
DA:845,0
DA:846,0
DA:849,0
DA:852,0
DA:855,0
DA:858,0
DA:861,0
DA:864,0
DA:867,0
DA:870,0
DA:871,0
DA:875,0
DA:878,0
DA:881,0
DA:884,0
DA:887,0
DA:890,0
DA:893,0
DA:896,0
DA:899,0
DA:902,0
DA:905,0
DA:908,0
DA:909,0
DA:910,0
DA:911,0
DA:914,0
DA:918,0
DA:921,0
DA:922,0
DA:923,0
DA:924,0
DA:928,0
DA:933,0
DA:936,0
DA:939,0
DA:942,0
DA:945,0
DA:946,0
DA:949,0
DA:952,0
DA:953,0
DA:957,0
DA:962,0
DA:965,0
DA:968,0
DA:971,0
DA:974,0
DA:975,0
DA:978,0
DA:979,0
DA:982,0
DA:983,0
DA:984,0
DA:985,0
DA:989,0
DA:994,0
DA:995,0
DA:998,0
DA:999,0
DA:1003,0
DA:1008,0
DA:1011,0
DA:1014,0
DA:1018,0
DA:1019,0
DA:1022,0
DA:1025,0
DA:1028,0
DA:1031,0
DA:1033,0
DA:1040,0
DA:1047,0
DA:1053,0
DA:1061,0
DA:1069,0
DA:1078,0
DA:1100,0
DA:1105,0
DA:1111,0
DA:1118,0
DA:1126,0
DA:1140,0
DA:1142,0
DA:1149,0
DA:1158,0
DA:1168,0
DA:1176,0
DA:1181,0
DA:1188,0
DA:1225,0
DA:1237,0
DA:1244,0
DA:1252,0
DA:1261,0
DA:1269,0
DA:1284,0
DA:1293,0
DA:1311,0
LF:122
LH:0
BRDA:1033,0,0,0
BRDA:1033,0,1,0
BRDA:1040,1,0,0
BRDA:1040,1,1,0
BRDA:1042,2,0,0
BRDA:1042,2,1,0
BRDA:1047,3,0,0
BRDA:1047,3,1,0
BRDA:1056,4,0,0
BRDA:1056,4,1,0
BRDA:1056,5,0,0
BRDA:1056,5,1,0
BRDA:1062,6,0,0
BRDA:1062,6,1,0
BRDA:1070,7,0,0
BRDA:1070,7,1,0
BRDA:1079,8,0,0
BRDA:1079,8,1,0
BRDA:1081,9,0,0
BRDA:1081,9,1,0
BRDA:1085,10,0,0
BRDA:1085,10,1,0
BRDA:1089,11,0,0
BRDA:1089,11,1,0
BRDA:1089,12,0,0
BRDA:1089,12,1,0
BRDA:1093,13,0,0
BRDA:1093,13,1,0
BRDA:1093,13,2,0
BRDA:1093,13,3,0
BRDA:1093,14,0,0
BRDA:1093,14,1,0
BRDA:1101,15,0,0
BRDA:1101,15,1,0
BRDA:1102,16,0,0
BRDA:1102,16,1,0
BRDA:1102,17,0,0
BRDA:1102,17,1,0
BRDA:1107,18,0,0
BRDA:1107,18,1,0
BRDA:1107,19,0,0
BRDA:1107,19,1,0
BRDA:1107,19,2,0
BRDA:1107,19,3,0
BRDA:1107,20,0,0
BRDA:1107,20,1,0
BRDA:1107,21,0,0
BRDA:1107,21,1,0
BRDA:1112,22,0,0
BRDA:1112,22,1,0
BRDA:1119,23,0,0
BRDA:1119,23,1,0
BRDA:1127,24,0,0
BRDA:1127,24,1,0
BRDA:1130,25,0,0
BRDA:1130,25,1,0
BRDA:1130,26,0,0
BRDA:1130,26,1,0
BRDA:1133,27,0,0
BRDA:1133,27,1,0
BRDA:1140,28,0,0
BRDA:1140,28,1,0
BRDA:1158,29,0,0
BRDA:1158,29,1,0
BRDA:1159,30,0,0
BRDA:1159,30,1,0
BRDA:1159,31,0,0
BRDA:1159,31,1,0
BRDA:1161,32,0,0
BRDA:1161,32,1,0
BRDA:1165,33,0,0
BRDA:1165,33,1,0
BRDA:1168,34,0,0
BRDA:1168,34,1,0
BRDA:1173,35,0,0
BRDA:1173,35,1,0
BRDA:1176,36,0,0
BRDA:1176,36,1,0
BRDA:1178,37,0,0
BRDA:1178,37,1,0
BRDA:1184,38,0,0
BRDA:1184,38,1,0
BRDA:1185,39,0,0
BRDA:1185,39,1,0
BRDA:1188,40,0,0
BRDA:1188,40,1,0
BRDA:1198,41,0,0
BRDA:1198,41,1,0
BRDA:1200,42,0,0
BRDA:1200,42,1,0
BRDA:1200,43,0,0
BRDA:1200,43,1,0
BRDA:1200,44,0,0
BRDA:1200,44,1,0
BRDA:1200,45,0,0
BRDA:1200,45,1,0
BRDA:1215,46,0,0
BRDA:1215,46,1,0
BRDA:1220,47,0,0
BRDA:1220,47,1,0
BRDA:1222,48,0,0
BRDA:1222,48,1,0
BRDA:1224,49,0,0
BRDA:1224,49,1,0
BRDA:1230,50,0,0
BRDA:1230,50,1,0
BRDA:1238,51,0,0
BRDA:1238,51,1,0
BRDA:1245,52,0,0
BRDA:1245,52,1,0
BRDA:1253,53,0,0
BRDA:1253,53,1,0
BRDA:1256,54,0,0
BRDA:1256,54,1,0
BRDA:1256,55,0,0
BRDA:1256,55,1,0
BRDA:1261,56,0,0
BRDA:1261,56,1,0
BRDA:1262,57,0,0
BRDA:1262,57,1,0
BRDA:1269,58,0,0
BRDA:1269,58,1,0
BRDA:1270,59,0,0
BRDA:1270,59,1,0
BRDA:1272,60,0,0
BRDA:1272,60,1,0
BRDA:1272,61,0,0
BRDA:1272,61,1,0
BRDA:1274,62,0,0
BRDA:1274,62,1,0
BRDA:1278,63,0,0
BRDA:1278,63,1,0
BRDA:1280,64,0,0
BRDA:1280,64,1,0
BRDA:1281,65,0,0
BRDA:1281,65,1,0
BRDA:1284,66,0,0
BRDA:1284,66,1,0
BRDA:1290,67,0,0
BRDA:1290,67,1,0
BRDA:1293,68,0,0
BRDA:1293,68,1,0
BRDA:1308,69,0,0
BRDA:1308,69,1,0
BRDA:1310,70,0,0
BRDA:1310,70,1,0
BRF:146
BRH:0
end_of_record
TN:
SF:src\views\HistorialPdfView.vue
FN:514,render
FN:524,(anonymous_1)
FN:531,(anonymous_2)
FN:625,(anonymous_3)
FN:640,(anonymous_4)
FNF:5
FNH:0
FNDA:0,render
FNDA:0,(anonymous_1)
FNDA:0,(anonymous_2)
FNDA:0,(anonymous_3)
FNDA:0,(anonymous_4)
DA:4,0
DA:5,0
DA:8,0
DA:351,0
DA:354,0
DA:355,0
DA:356,0
DA:359,0
DA:362,0
DA:363,0
DA:367,0
DA:371,0
DA:375,0
DA:378,0
DA:381,0
DA:382,0
DA:385,0
DA:388,0
DA:391,0
DA:392,0
DA:395,0
DA:398,0
DA:401,0
DA:404,0
DA:407,0
DA:410,0
DA:413,0
DA:416,0
DA:419,0
DA:422,0
DA:425,0
DA:428,0
DA:431,0
DA:434,0
DA:437,0
DA:440,0
DA:443,0
DA:446,0
DA:449,0
DA:452,0
DA:455,0
DA:458,0
DA:461,0
DA:464,0
DA:467,0
DA:470,0
DA:473,0
DA:477,0
DA:480,0
DA:483,0
DA:486,0
DA:489,0
DA:492,0
DA:495,0
DA:498,0
DA:501,0
DA:504,0
DA:507,0
DA:510,0
DA:515,0
DA:516,0
DA:524,0
DA:531,0
DA:626,0
DA:641,0
DA:691,0
LF:66
LH:0
BRDA:524,0,0,0
BRDA:524,0,1,0
BRDA:524,1,0,0
BRDA:524,1,1,0
BRDA:525,2,0,0
BRDA:525,2,1,0
BRDA:527,3,0,0
BRDA:527,3,1,0
BRDA:527,4,0,0
BRDA:527,4,1,0
BRDA:527,5,0,0
BRDA:527,5,1,0
BRDA:527,6,0,0
BRDA:527,6,1,0
BRDA:537,7,0,0
BRDA:537,7,1,0
BRDA:537,8,0,0
BRDA:537,8,1,0
BRDA:541,9,0,0
BRDA:541,9,1,0
BRDA:543,10,0,0
BRDA:543,10,1,0
BRDA:543,11,0,0
BRDA:543,11,1,0
BRDA:545,12,0,0
BRDA:545,12,1,0
BRDA:545,13,0,0
BRDA:545,13,1,0
BRDA:547,14,0,0
BRDA:547,14,1,0
BRDA:547,15,0,0
BRDA:547,15,1,0
BRDA:549,16,0,0
BRDA:549,16,1,0
BRDA:553,17,0,0
BRDA:553,17,1,0
BRDA:557,18,0,0
BRDA:557,18,1,0
BRDA:560,19,0,0
BRDA:560,19,1,0
BRDA:560,20,0,0
BRDA:560,20,1,0
BRDA:562,21,0,0
BRDA:562,21,1,0
BRDA:562,22,0,0
BRDA:562,22,1,0
BRDA:565,23,0,0
BRDA:565,23,1,0
BRDA:565,24,0,0
BRDA:565,24,1,0
BRDA:567,25,0,0
BRDA:567,25,1,0
BRDA:567,26,0,0
BRDA:567,26,1,0
BRDA:570,27,0,0
BRDA:570,27,1,0
BRDA:570,28,0,0
BRDA:570,28,1,0
BRDA:572,29,0,0
BRDA:572,29,1,0
BRDA:575,30,0,0
BRDA:575,30,1,0
BRDA:577,31,0,0
BRDA:577,31,1,0
BRDA:577,32,0,0
BRDA:577,32,1,0
BRDA:580,33,0,0
BRDA:580,33,1,0
BRDA:583,34,0,0
BRDA:583,34,1,0
BRDA:583,35,0,0
BRDA:583,35,1,0
BRDA:586,36,0,0
BRDA:586,36,1,0
BRDA:586,37,0,0
BRDA:586,37,1,0
BRDA:589,38,0,0
BRDA:589,38,1,0
BRDA:589,39,0,0
BRDA:589,39,1,0
BRDA:592,40,0,0
BRDA:592,40,1,0
BRDA:594,41,0,0
BRDA:594,41,1,0
BRDA:596,42,0,0
BRDA:596,42,1,0
BRDA:596,43,0,0
BRDA:596,43,1,0
BRDA:599,44,0,0
BRDA:599,44,1,0
BRDA:602,45,0,0
BRDA:602,45,1,0
BRDA:605,46,0,0
BRDA:605,46,1,0
BRDA:605,47,0,0
BRDA:605,47,1,0
BRDA:608,48,0,0
BRDA:608,48,1,0
BRDA:608,49,0,0
BRDA:608,49,1,0
BRDA:611,50,0,0
BRDA:611,50,1,0
BRDA:611,51,0,0
BRDA:611,51,1,0
BRDA:614,52,0,0
BRDA:614,52,1,0
BRDA:614,53,0,0
BRDA:614,53,1,0
BRDA:619,54,0,0
BRDA:619,54,1,0
BRDA:629,55,0,0
BRDA:629,55,1,0
BRDA:634,56,0,0
BRDA:634,56,1,0
BRDA:644,57,0,0
BRDA:644,57,1,0
BRDA:649,58,0,0
BRDA:649,58,1,0
BRDA:651,59,0,0
BRDA:651,59,1,0
BRDA:651,60,0,0
BRDA:651,60,1,0
BRDA:653,61,0,0
BRDA:653,61,1,0
BRDA:653,62,0,0
BRDA:653,62,1,0
BRDA:655,63,0,0
BRDA:655,63,1,0
BRDA:657,64,0,0
BRDA:657,64,1,0
BRDA:657,65,0,0
BRDA:657,65,1,0
BRDA:659,66,0,0
BRDA:659,66,1,0
BRDA:661,67,0,0
BRDA:661,67,1,0
BRDA:661,68,0,0
BRDA:661,68,1,0
BRDA:663,69,0,0
BRDA:663,69,1,0
BRDA:665,70,0,0
BRDA:665,70,1,0
BRDA:665,71,0,0
BRDA:665,71,1,0
BRDA:670,72,0,0
BRDA:670,72,1,0
BRDA:672,73,0,0
BRDA:672,73,1,0
BRDA:674,74,0,0
BRDA:674,74,1,0
BRDA:676,75,0,0
BRDA:676,75,1,0
BRDA:678,76,0,0
BRDA:678,76,1,0
BRDA:680,77,0,0
BRDA:680,77,1,0
BRDA:682,78,0,0
BRDA:682,78,1,0
BRDA:684,79,0,0
BRDA:684,79,1,0
BRDA:686,80,0,0
BRDA:686,80,1,0
BRDA:690,81,0,0
BRDA:690,81,1,0
BRF:164
BRH:0
end_of_record
TN:
SF:src\views\HistorialView.vue
FN:1784,render
FN:1793,(anonymous_1)
FN:1809,(anonymous_2)
FN:1836,(anonymous_3)
FN:1871,(anonymous_4)
FN:1880,(anonymous_5)
FN:1920,(anonymous_6)
FN:1939,(anonymous_7)
FN:1946,(anonymous_8)
FN:2002,(anonymous_9)
FN:2005,(anonymous_10)
FN:2008,(anonymous_11)
FN:2024,(anonymous_12)
FN:2027,(anonymous_13)
FN:2030,(anonymous_14)
FN:2046,(anonymous_15)
FN:2049,(anonymous_16)
FN:2052,(anonymous_17)
FN:2069,(anonymous_18)
FN:2080,(anonymous_19)
FN:2128,(anonymous_20)
FNF:21
FNH:0
FNDA:0,render
FNDA:0,(anonymous_1)
FNDA:0,(anonymous_2)
FNDA:0,(anonymous_3)
FNDA:0,(anonymous_4)
FNDA:0,(anonymous_5)
FNDA:0,(anonymous_6)
FNDA:0,(anonymous_7)
FNDA:0,(anonymous_8)
FNDA:0,(anonymous_9)
FNDA:0,(anonymous_10)
FNDA:0,(anonymous_11)
FNDA:0,(anonymous_12)
FNDA:0,(anonymous_13)
FNDA:0,(anonymous_14)
FNDA:0,(anonymous_15)
FNDA:0,(anonymous_16)
FNDA:0,(anonymous_17)
FNDA:0,(anonymous_18)
FNDA:0,(anonymous_19)
FNDA:0,(anonymous_20)
DA:4,0
DA:5,0
DA:8,0
DA:48,0
DA:1319,0
DA:1322,0
DA:1323,0
DA:1324,0
DA:1327,0
DA:1330,0
DA:1333,0
DA:1336,0
DA:1340,0
DA:1344,0
DA:1348,0
DA:1351,0
DA:1354,0
DA:1357,0
DA:1360,0
DA:1363,0
DA:1366,0
DA:1370,0
DA:1374,0
DA:1378,0
DA:1382,0
DA:1385,0
DA:1388,0
DA:1389,0
DA:1390,0
DA:1394,0
DA:1397,0
DA:1400,0
DA:1403,0
DA:1406,0
DA:1409,0
DA:1412,0
DA:1415,0
DA:1416,0
DA:1419,0
DA:1420,0
DA:1423,0
DA:1426,0
DA:1429,0
DA:1432,0
DA:1435,0
DA:1438,0
DA:1441,0
DA:1444,0
DA:1447,0
DA:1448,0
DA:1451,0
DA:1452,0
DA:1453,0
DA:1456,0
DA:1457,0
DA:1458,0
DA:1461,0
DA:1464,0
DA:1467,0
DA:1470,0
DA:1474,0
DA:1478,0
DA:1482,0
DA:1485,0
DA:1486,0
DA:1489,0
DA:1492,0
DA:1496,0
DA:1499,0
DA:1502,0
DA:1506,0
DA:1509,0
DA:1512,0
DA:1516,0
DA:1519,0
DA:1522,0
DA:1525,0
DA:1528,0
DA:1531,0
DA:1534,0
DA:1537,0
DA:1540,0
DA:1543,0
DA:1546,0
DA:1549,0
DA:1552,0
DA:1555,0
DA:1558,0
DA:1561,0
DA:1564,0
DA:1568,0
DA:1572,0
DA:1575,0
DA:1578,0
DA:1579,0
DA:1580,0
DA:1583,0
DA:1586,0
DA:1589,0
DA:1592,0
DA:1593,0
DA:1597,0
DA:1600,0
DA:1604,0
DA:1605,0
DA:1608,0
DA:1612,0
DA:1615,0
DA:1618,0
DA:1621,0
DA:1622,0
DA:1626,0
DA:1629,0
DA:1633,0
DA:1634,0
DA:1637,0
DA:1641,0
DA:1644,0
DA:1647,0
DA:1650,0
DA:1651,0
DA:1655,0
DA:1658,0
DA:1662,0
DA:1663,0
DA:1666,0
DA:1670,0
DA:1673,0
DA:1677,0
DA:1680,0
DA:1683,0
DA:1687,0
DA:1690,0
DA:1693,0
DA:1696,0
DA:1699,0
DA:1702,0
DA:1706,0
DA:1709,0
DA:1712,0
DA:1715,0
DA:1719,0
DA:1722,0
DA:1725,0
DA:1728,0
DA:1731,0
DA:1734,0
DA:1737,0
DA:1741,0
DA:1745,0
DA:1748,0
DA:1751,0
DA:1754,0
DA:1758,0
DA:1761,0
DA:1764,0
DA:1768,0
DA:1771,0
DA:1774,0
DA:1775,0
DA:1776,0
DA:1780,0
DA:1785,0
DA:1786,0
DA:1794,0
DA:1810,0
DA:1837,0
DA:1872,0
DA:1880,0
DA:1920,0
DA:1940,0
DA:1947,0
DA:2002,0
DA:2006,0
DA:2009,0
DA:2024,0
DA:2028,0
DA:2031,0
DA:2046,0
DA:2050,0
DA:2053,0
DA:2070,0
DA:2081,0
DA:2129,0
DA:2137,0
LF:185
LH:0
BRDA:1789,0,0,0
BRDA:1789,0,1,0
BRDA:1789,1,0,0
BRDA:1789,1,1,0
BRDA:1789,2,0,0
BRDA:1789,2,1,0
BRDA:1791,3,0,0
BRDA:1791,3,1,0
BRDA:1791,4,0,0
BRDA:1791,4,1,0
BRDA:1791,5,0,0
BRDA:1791,5,1,0
BRDA:1798,6,0,0
BRDA:1798,6,1,0
BRDA:1799,7,0,0
BRDA:1799,7,1,0
BRDA:1801,8,0,0
BRDA:1801,8,1,0
BRDA:1801,9,0,0
BRDA:1801,9,1,0
BRDA:1807,10,0,0
BRDA:1807,10,1,0
BRDA:1809,11,0,0
BRDA:1809,11,1,0
BRDA:1816,12,0,0
BRDA:1816,12,1,0
BRDA:1822,13,0,0
BRDA:1822,13,1,0
BRDA:1830,14,0,0
BRDA:1830,14,1,0
BRDA:1832,15,0,0
BRDA:1832,15,1,0
BRDA:1832,16,0,0
BRDA:1832,16,1,0
BRDA:1832,17,0,0
BRDA:1832,17,1,0
BRDA:1842,18,0,0
BRDA:1842,18,1,0
BRDA:1848,19,0,0
BRDA:1848,19,1,0
BRDA:1850,20,0,0
BRDA:1850,20,1,0
BRDA:1854,21,0,0
BRDA:1854,21,1,0
BRDA:1860,22,0,0
BRDA:1860,22,1,0
BRDA:1866,23,0,0
BRDA:1866,23,1,0
BRDA:1871,24,0,0
BRDA:1871,24,1,0
BRDA:1871,25,0,0
BRDA:1871,25,1,0
BRDA:1890,26,0,0
BRDA:1890,26,1,0
BRDA:1895,27,0,0
BRDA:1895,27,1,0
BRDA:1906,28,0,0
BRDA:1906,28,1,0
BRDA:1911,29,0,0
BRDA:1911,29,1,0
BRDA:1917,30,0,0
BRDA:1917,30,1,0
BRDA:1920,31,0,0
BRDA:1920,31,1,0
BRDA:1925,32,0,0
BRDA:1925,32,1,0
BRDA:1925,33,0,0
BRDA:1925,33,1,0
BRDA:1925,34,0,0
BRDA:1925,34,1,0
BRDA:1927,35,0,0
BRDA:1927,35,1,0
BRDA:1927,36,0,0
BRDA:1927,36,1,0
BRDA:1931,37,0,0
BRDA:1931,37,1,0
BRDA:1937,38,0,0
BRDA:1937,38,1,0
BRDA:1943,39,0,0
BRDA:1943,39,1,0
BRDA:1944,40,0,0
BRDA:1944,40,1,0
BRDA:1944,41,0,0
BRDA:1944,41,1,0
BRDA:1946,42,0,0
BRDA:1946,42,1,0
BRDA:1948,43,0,0
BRDA:1948,43,1,0
BRDA:1950,44,0,0
BRDA:1950,44,1,0
BRDA:1950,45,0,0
BRDA:1950,45,1,0
BRDA:1950,46,0,0
BRDA:1950,46,1,0
BRDA:1955,47,0,0
BRDA:1955,47,1,0
BRDA:1957,48,0,0
BRDA:1957,48,1,0
BRDA:1962,49,0,0
BRDA:1962,49,1,0
BRDA:1964,50,0,0
BRDA:1964,50,1,0
BRDA:1964,51,0,0
BRDA:1964,51,1,0
BRDA:1969,52,0,0
BRDA:1969,52,1,0
BRDA:1971,53,0,0
BRDA:1971,53,1,0
BRDA:1971,54,0,0
BRDA:1971,54,1,0
BRDA:1976,55,0,0
BRDA:1976,55,1,0
BRDA:1979,56,0,0
BRDA:1979,56,1,0
BRDA:1985,57,0,0
BRDA:1985,57,1,0
BRDA:1993,58,0,0
BRDA:1993,58,1,0
BRDA:1995,59,0,0
BRDA:1995,59,1,0
BRDA:1997,60,0,0
BRDA:1997,60,1,0
BRDA:2002,61,0,0
BRDA:2002,61,1,0
BRDA:2003,62,0,0
BRDA:2003,62,1,0
BRDA:2005,63,0,0
BRDA:2005,63,1,0
BRDA:2005,64,0,0
BRDA:2005,64,1,0
BRDA:2007,65,0,0
BRDA:2007,65,1,0
BRDA:2008,66,0,0
BRDA:2008,66,1,0
BRDA:2008,67,0,0
BRDA:2008,67,1,0
BRDA:2008,68,0,0
BRDA:2008,68,1,0
BRDA:2008,69,0,0
BRDA:2008,69,1,0
BRDA:2017,70,0,0
BRDA:2017,70,1,0
BRDA:2019,71,0,0
BRDA:2019,71,1,0
BRDA:2024,72,0,0
BRDA:2024,72,1,0
BRDA:2025,73,0,0
BRDA:2025,73,1,0
BRDA:2027,74,0,0
BRDA:2027,74,1,0
BRDA:2027,75,0,0
BRDA:2027,75,1,0
BRDA:2029,76,0,0
BRDA:2029,76,1,0
BRDA:2030,77,0,0
BRDA:2030,77,1,0
BRDA:2030,78,0,0
BRDA:2030,78,1,0
BRDA:2030,79,0,0
BRDA:2030,79,1,0
BRDA:2030,80,0,0
BRDA:2030,80,1,0
BRDA:2039,81,0,0
BRDA:2039,81,1,0
BRDA:2041,82,0,0
BRDA:2041,82,1,0
BRDA:2046,83,0,0
BRDA:2046,83,1,0
BRDA:2047,84,0,0
BRDA:2047,84,1,0
BRDA:2049,85,0,0
BRDA:2049,85,1,0
BRDA:2049,86,0,0
BRDA:2049,86,1,0
BRDA:2051,87,0,0
BRDA:2051,87,1,0
BRDA:2052,88,0,0
BRDA:2052,88,1,0
BRDA:2052,89,0,0
BRDA:2052,89,1,0
BRDA:2052,90,0,0
BRDA:2052,90,1,0
BRDA:2061,91,0,0
BRDA:2061,91,1,0
BRDA:2061,92,0,0
BRDA:2061,92,1,0
BRDA:2063,93,0,0
BRDA:2063,93,1,0
BRDA:2063,94,0,0
BRDA:2063,94,1,0
BRDA:2067,95,0,0
BRDA:2067,95,1,0
BRDA:2067,96,0,0
BRDA:2067,96,1,0
BRDA:2067,97,0,0
BRDA:2067,97,1,0
BRDA:2067,98,0,0
BRDA:2067,98,1,0
BRDA:2069,99,0,0
BRDA:2069,99,1,0
BRDA:2071,100,0,0
BRDA:2071,100,1,0
BRDA:2073,101,0,0
BRDA:2073,101,1,0
BRDA:2073,102,0,0
BRDA:2073,102,1,0
BRDA:2073,103,0,0
BRDA:2073,103,1,0
BRDA:2073,104,0,0
BRDA:2073,104,1,0
BRDA:2073,105,0,0
BRDA:2073,105,1,0
BRDA:2073,106,0,0
BRDA:2073,106,1,0
BRDA:2073,107,0,0
BRDA:2073,107,1,0
BRDA:2073,108,0,0
BRDA:2073,108,1,0
BRDA:2073,109,0,0
BRDA:2073,109,1,0
BRDA:2073,110,0,0
BRDA:2073,110,1,0
BRDA:2074,111,0,0
BRDA:2074,111,1,0
BRDA:2074,112,0,0
BRDA:2074,112,1,0
BRDA:2076,113,0,0
BRDA:2076,113,1,0
BRDA:2076,114,0,0
BRDA:2076,114,1,0
BRDA:2076,115,0,0
BRDA:2076,115,1,0
BRDA:2076,116,0,0
BRDA:2076,116,1,0
BRDA:2076,117,0,0
BRDA:2076,117,1,0
BRDA:2086,118,0,0
BRDA:2086,118,1,0
BRDA:2087,119,0,0
BRDA:2087,119,1,0
BRDA:2092,120,0,0
BRDA:2092,120,1,0
BRDA:2097,121,0,0
BRDA:2097,121,1,0
BRDA:2103,122,0,0
BRDA:2103,122,1,0
BRDA:2110,123,0,0
BRDA:2110,123,1,0
BRDA:2112,124,0,0
BRDA:2112,124,1,0
BRDA:2118,125,0,0
BRDA:2118,125,1,0
BRDA:2126,126,0,0
BRDA:2126,126,1,0
BRDA:2128,127,0,0
BRDA:2128,127,1,0
BRF:256
BRH:0
end_of_record
TN:
SF:src\views\HomeView.vue
FN:290,render
FN:296,(anonymous_1)
FN:306,(anonymous_2)
FN:313,(anonymous_3)
FN:316,(anonymous_4)
FN:322,(anonymous_5)
FN:348,(anonymous_6)
FN:355,(anonymous_7)
FN:358,(anonymous_8)
FN:365,(anonymous_9)
FN:375,(anonymous_10)
FN:389,(anonymous_11)
FN:438,(anonymous_12)
FNF:13
FNH:0
FNDA:0,render
FNDA:0,(anonymous_1)
FNDA:0,(anonymous_2)
FNDA:0,(anonymous_3)
FNDA:0,(anonymous_4)
FNDA:0,(anonymous_5)
FNDA:0,(anonymous_6)
FNDA:0,(anonymous_7)
FNDA:0,(anonymous_8)
FNDA:0,(anonymous_9)
FNDA:0,(anonymous_10)
FNDA:0,(anonymous_11)
FNDA:0,(anonymous_12)
DA:4,0
DA:5,0
DA:8,0
DA:177,0
DA:179,0
DA:182,0
DA:183,0
DA:184,0
DA:187,0
DA:190,0
DA:193,0
DA:194,0
DA:197,0
DA:202,0
DA:203,0
DA:206,0
DA:209,0
DA:212,0
DA:216,0
DA:217,0
DA:220,0
DA:223,0
DA:226,0
DA:230,0
DA:234,0
DA:235,0
DA:238,0
DA:241,0
DA:244,0
DA:247,0
DA:251,0
DA:255,0
DA:258,0
DA:261,0
DA:264,0
DA:265,0
DA:269,0
DA:272,0
DA:275,0
DA:278,0
DA:279,0
DA:280,0
DA:281,0
DA:284,0
DA:285,0
DA:286,0
DA:289,0
DA:291,0
DA:292,0
DA:296,0
DA:306,0
DA:313,0
DA:317,0
DA:323,0
DA:348,0
DA:355,0
DA:359,0
DA:365,0
DA:376,0
DA:390,0
DA:439,0
DA:448,0
LF:62
LH:0
BRDA:299,0,0,0
BRDA:299,0,1,0
BRDA:301,1,0,0
BRDA:301,1,1,0
BRDA:306,2,0,0
BRDA:306,2,1,0
BRDA:310,3,0,0
BRDA:310,3,1,0
BRDA:313,4,0,0
BRDA:313,4,1,0
BRDA:313,5,0,0
BRDA:313,5,1,0
BRDA:314,6,0,0
BRDA:314,6,1,0
BRDA:316,7,0,0
BRDA:316,7,1,0
BRDA:329,8,0,0
BRDA:329,8,1,0
BRDA:329,9,0,0
BRDA:329,9,1,0
BRDA:330,10,0,0
BRDA:330,10,1,0
BRDA:331,11,0,0
BRDA:331,11,1,0
BRDA:331,12,0,0
BRDA:331,12,1,0
BRDA:333,13,0,0
BRDA:333,13,1,0
BRDA:335,14,0,0
BRDA:335,14,1,0
BRDA:335,15,0,0
BRDA:335,15,1,0
BRDA:335,15,2,0
BRDA:339,16,0,0
BRDA:339,16,1,0
BRDA:340,17,0,0
BRDA:340,17,1,0
BRDA:343,18,0,0
BRDA:343,18,1,0
BRDA:343,19,0,0
BRDA:343,19,1,0
BRDA:343,20,0,0
BRDA:343,20,1,0
BRDA:344,21,0,0
BRDA:344,21,1,0
BRDA:348,22,0,0
BRDA:348,22,1,0
BRDA:348,23,0,0
BRDA:348,23,1,0
BRDA:349,24,0,0
BRDA:349,24,1,0
BRDA:351,25,0,0
BRDA:351,25,1,0
BRDA:355,26,0,0
BRDA:355,26,1,0
BRDA:355,27,0,0
BRDA:355,27,1,0
BRDA:356,28,0,0
BRDA:356,28,1,0
BRDA:358,29,0,0
BRDA:358,29,1,0
BRDA:367,30,0,0
BRDA:367,30,1,0
BRDA:367,31,0,0
BRDA:367,31,1,0
BRDA:367,31,2,0
BRDA:375,32,0,0
BRDA:375,32,1,0
BRDA:375,33,0,0
BRDA:375,33,1,0
BRDA:375,34,0,0
BRDA:375,34,1,0
BRDA:375,35,0,0
BRDA:375,35,1,0
BRDA:381,36,0,0
BRDA:381,36,1,0
BRDA:384,37,0,0
BRDA:384,37,1,0
BRDA:384,38,0,0
BRDA:384,38,1,0
BRDA:385,39,0,0
BRDA:385,39,1,0
BRDA:386,40,0,0
BRDA:386,40,1,0
BRDA:386,41,0,0
BRDA:386,41,1,0
BRDA:389,42,0,0
BRDA:389,42,1,0
BRDA:389,43,0,0
BRDA:389,43,1,0
BRDA:389,44,0,0
BRDA:389,44,1,0
BRDA:392,45,0,0
BRDA:392,45,1,0
BRDA:395,46,0,0
BRDA:395,46,1,0
BRDA:396,47,0,0
BRDA:396,47,1,0
BRDA:396,48,0,0
BRDA:396,48,1,0
BRDA:398,49,0,0
BRDA:398,49,1,0
BRDA:398,50,0,0
BRDA:398,50,1,0
BRDA:404,51,0,0
BRDA:404,51,1,0
BRDA:404,52,0,0
BRDA:404,52,1,0
BRDA:404,53,0,0
BRDA:404,53,1,0
BRDA:404,54,0,0
BRDA:404,54,1,0
BRDA:410,55,0,0
BRDA:410,55,1,0
BRDA:412,56,0,0
BRDA:412,56,1,0
BRDA:418,57,0,0
BRDA:418,57,1,0
BRDA:420,58,0,0
BRDA:420,58,1,0
BRDA:426,59,0,0
BRDA:426,59,1,0
BRDA:428,60,0,0
BRDA:428,60,1,0
BRDA:431,61,0,0
BRDA:431,61,1,0
[...]
BRDA:259,14,0,0
BRDA:259,14,1,0
BRF:30
BRH:0
end_of_record
TN:
SF:src\views\UserCreateView.vue
FN:560,render
FN:574,(anonymous_1)
FN:577,(anonymous_2)
FN:585,(anonymous_3)
FN:604,(anonymous_4)
FN:620,(anonymous_5)
FN:638,(anonymous_6)
FN:658,(anonymous_7)
FN:670,(anonymous_8)
FN:676,(anonymous_9)
FN:682,(anonymous_10)
FN:687,(anonymous_11)
FN:697,(anonymous_12)
FN:708,(anonymous_13)
FN:719,(anonymous_14)
FN:730,(anonymous_15)
FN:741,(anonymous_16)
FN:752,(anonymous_17)
FN:760,(anonymous_18)
FN:768,(anonymous_19)
FN:772,(anonymous_20)
FN:782,(anonymous_21)
FN:786,(anonymous_22)
FN:796,(anonymous_23)
FN:806,(anonymous_24)
FN:817,(anonymous_25)
FN:827,(anonymous_26)
FN:838,(anonymous_27)
FN:849,(anonymous_28)
FN:859,(anonymous_29)
FN:872,(anonymous_30)
FN:880,(anonymous_31)
FNF:32
FNH:0
FNDA:0,render
FNDA:0,(anonymous_1)
FNDA:0,(anonymous_2)
FNDA:0,(anonymous_3)
FNDA:0,(anonymous_4)
FNDA:0,(anonymous_5)
FNDA:0,(anonymous_6)
FNDA:0,(anonymous_7)
FNDA:0,(anonymous_8)
FNDA:0,(anonymous_9)
FNDA:0,(anonymous_10)
FNDA:0,(anonymous_11)
FNDA:0,(anonymous_12)
FNDA:0,(anonymous_13)
FNDA:0,(anonymous_14)
FNDA:0,(anonymous_15)
FNDA:0,(anonymous_16)
FNDA:0,(anonymous_17)
FNDA:0,(anonymous_18)
FNDA:0,(anonymous_19)
FNDA:0,(anonymous_20)
FNDA:0,(anonymous_21)
FNDA:0,(anonymous_22)
FNDA:0,(anonymous_23)
FNDA:0,(anonymous_24)
FNDA:0,(anonymous_25)
FNDA:0,(anonymous_26)
FNDA:0,(anonymous_27)
FNDA:0,(anonymous_28)
FNDA:0,(anonymous_29)
FNDA:0,(anonymous_30)
FNDA:0,(anonymous_31)
DA:4,0
DA:5,0
DA:8,0
DA:24,0
DA:25,0
DA:26,0
DA:27,0
DA:28,0
DA:428,0
DA:430,0
DA:433,0
DA:434,0
DA:435,0
DA:444,0
DA:447,0
DA:450,0
DA:453,0
DA:456,0
DA:459,0
DA:462,0
DA:463,0
DA:466,0
DA:469,0
DA:473,0
DA:476,0
DA:479,0
DA:482,0
DA:485,0
DA:488,0
DA:491,0
DA:494,0
DA:497,0
DA:500,0
DA:503,0
DA:504,0
DA:507,0
DA:510,0
DA:513,0
DA:516,0
DA:519,0
DA:522,0
DA:525,0
DA:528,0
DA:529,0
DA:532,0
DA:533,0
DA:536,0
DA:539,0
DA:542,0
DA:545,0
DA:548,0
DA:551,0
DA:554,0
DA:557,0
DA:561,0
DA:574,0
DA:578,0
DA:585,0
DA:604,0
DA:620,0
DA:638,0
DA:658,0
DA:670,0
DA:676,0
DA:682,0
DA:688,0
DA:697,0
DA:708,0
DA:719,0
DA:730,0
DA:741,0
DA:752,0
DA:760,0
DA:768,0
DA:773,0
DA:782,0
DA:787,0
DA:796,0
DA:806,0
DA:817,0
DA:827,0
DA:838,0
DA:849,0
DA:859,0
DA:872,0
DA:880,0
DA:884,0
LF:87
LH:0
BRDA:561,0,0,0
BRDA:561,0,1,0
BRDA:574,1,0,0
BRDA:574,1,1,0
BRDA:574,2,0,0
BRDA:574,2,1,0
BRDA:575,3,0,0
BRDA:575,3,1,0
BRDA:585,4,0,0
BRDA:585,4,1,0
BRDA:591,5,0,0
BRDA:591,5,1,0
BRDA:591,6,0,0
BRDA:591,6,1,0
BRDA:593,7,0,0
BRDA:593,7,1,0
BRDA:595,8,0,0
BRDA:595,8,1,0
BRDA:598,9,0,0
BRDA:598,9,1,0
BRDA:604,10,0,0
BRDA:604,10,1,0
BRDA:611,11,0,0
BRDA:611,11,1,0
BRDA:614,12,0,0
BRDA:614,12,1,0
BRDA:620,13,0,0
BRDA:620,13,1,0
BRDA:629,14,0,0
BRDA:629,14,1,0
BRDA:633,15,0,0
BRDA:633,15,1,0
BRDA:638,16,0,0
BRDA:638,16,1,0
BRDA:645,17,0,0
BRDA:645,17,1,0
BRDA:647,18,0,0
BRDA:647,18,1,0
BRDA:647,19,0,0
BRDA:647,19,1,0
BRDA:647,20,0,0
BRDA:647,20,1,0
BRDA:647,21,0,0
BRDA:647,21,1,0
BRDA:649,22,0,0
BRDA:649,22,1,0
BRDA:653,23,0,0
BRDA:653,23,1,0
BRDA:658,24,0,0
BRDA:658,24,1,0
BRDA:665,25,0,0
BRDA:665,25,1,0
BRDA:670,26,0,0
BRDA:670,26,1,0
BRDA:676,27,0,0
BRDA:676,27,1,0
BRDA:676,28,0,0
BRDA:676,28,1,0
BRDA:677,29,0,0
BRDA:677,29,1,0
BRDA:682,30,0,0
BRDA:682,30,1,0
BRDA:685,31,0,0
BRDA:685,31,1,0
BRDA:692,32,0,0
BRDA:692,32,1,0
BRDA:697,33,0,0
BRDA:697,33,1,0
BRDA:703,34,0,0
BRDA:703,34,1,0
BRDA:708,35,0,0
BRDA:708,35,1,0
BRDA:714,36,0,0
BRDA:714,36,1,0
BRDA:719,37,0,0
BRDA:719,37,1,0
BRDA:725,38,0,0
BRDA:725,38,1,0
BRDA:730,39,0,0
BRDA:730,39,1,0
BRDA:736,40,0,0
BRDA:736,40,1,0
BRDA:741,41,0,0
BRDA:741,41,1,0
BRDA:747,42,0,0
BRDA:747,42,1,0
BRDA:752,43,0,0
BRDA:752,43,1,0
BRDA:755,44,0,0
BRDA:755,44,1,0
BRDA:760,45,0,0
BRDA:760,45,1,0
BRDA:763,46,0,0
BRDA:763,46,1,0
BRDA:768,47,0,0
BRDA:768,47,1,0
BRDA:770,48,0,0
BRDA:770,48,1,0
BRDA:777,49,0,0
BRDA:777,49,1,0
BRDA:782,50,0,0
BRDA:782,50,1,0
BRDA:784,51,0,0
BRDA:784,51,1,0
BRDA:791,52,0,0
BRDA:791,52,1,0
BRDA:796,53,0,0
BRDA:796,53,1,0
BRDA:801,54,0,0
BRDA:801,54,1,0
BRDA:806,55,0,0
BRDA:806,55,1,0
BRDA:812,56,0,0
BRDA:812,56,1,0
BRDA:817,57,0,0
BRDA:817,57,1,0
BRDA:822,58,0,0
BRDA:822,58,1,0
BRDA:827,59,0,0
BRDA:827,59,1,0
BRDA:833,60,0,0
BRDA:833,60,1,0
BRDA:838,61,0,0
BRDA:838,61,1,0
BRDA:844,62,0,0
BRDA:844,62,1,0
BRDA:849,63,0,0
BRDA:849,63,1,0
BRDA:854,64,0,0
BRDA:854,64,1,0
BRDA:859,65,0,0
BRDA:859,65,1,0
BRDA:864,66,0,0
BRDA:864,66,1,0
BRDA:872,67,0,0
BRDA:872,67,1,0
BRDA:872,68,0,0
BRDA:872,68,1,0
BRDA:873,69,0,0
BRDA:873,69,1,0
BRDA:880,70,0,0
BRDA:880,70,1,0
BRDA:880,71,0,0
BRDA:880,71,1,0
BRDA:881,72,0,0
BRDA:881,72,1,0
BRF:146
BRH:0
end_of_record
TN:
SF:src\views\UserEditView.vue
FN:489,render
FN:503,(anonymous_1)
FN:509,(anonymous_2)
FN:520,(anonymous_3)
FN:537,(anonymous_4)
FN:548,(anonymous_5)
FN:559,(anonymous_6)
FN:564,(anonymous_7)
FN:574,(anonymous_8)
FN:585,(anonymous_9)
FN:596,(anonymous_10)
FN:606,(anonymous_11)
FN:616,(anonymous_12)
FN:626,(anonymous_13)
FN:634,(anonymous_14)
FN:642,(anonymous_15)
FN:646,(anonymous_16)
FN:656,(anonymous_17)
FN:660,(anonymous_18)
FN:670,(anonymous_19)
FN:680,(anonymous_20)
FN:691,(anonymous_21)
FN:701,(anonymous_22)
FN:712,(anonymous_23)
FN:723,(anonymous_24)
FN:733,(anonymous_25)
FN:746,(anonymous_26)
FN:752,(anonymous_27)
FN:763,(anonymous_28)
FN:776,(anonymous_29)
FNF:30
FNH:0
FNDA:0,render
FNDA:0,(anonymous_1)
FNDA:0,(anonymous_2)
FNDA:0,(anonymous_3)
FNDA:0,(anonymous_4)
FNDA:0,(anonymous_5)
FNDA:0,(anonymous_6)
FNDA:0,(anonymous_7)
FNDA:0,(anonymous_8)
FNDA:0,(anonymous_9)
FNDA:0,(anonymous_10)
FNDA:0,(anonymous_11)
FNDA:0,(anonymous_12)
FNDA:0,(anonymous_13)
FNDA:0,(anonymous_14)
FNDA:0,(anonymous_15)
FNDA:0,(anonymous_16)
FNDA:0,(anonymous_17)
FNDA:0,(anonymous_18)
FNDA:0,(anonymous_19)
FNDA:0,(anonymous_20)
FNDA:0,(anonymous_21)
FNDA:0,(anonymous_22)
FNDA:0,(anonymous_23)
FNDA:0,(anonymous_24)
FNDA:0,(anonymous_25)
FNDA:0,(anonymous_26)
FNDA:0,(anonymous_27)
FNDA:0,(anonymous_28)
FNDA:0,(anonymous_29)
DA:4,0
DA:5,0
DA:8,0
DA:24,0
DA:25,0
DA:381,0
DA:383,0
DA:386,0
DA:387,0
DA:388,0
DA:397,0
DA:400,0
DA:403,0
DA:406,0
DA:409,0
DA:413,0
DA:417,0
DA:420,0
DA:423,0
DA:426,0
DA:427,0
DA:430,0
DA:433,0
DA:436,0
DA:439,0
DA:442,0
DA:445,0
DA:448,0
DA:451,0
DA:452,0
DA:455,0
DA:456,0
DA:459,0
DA:462,0
DA:465,0
DA:468,0
DA:471,0
DA:474,0
DA:477,0
DA:480,0
DA:483,0
DA:486,0
DA:490,0
DA:503,0
DA:509,0
DA:520,0
DA:537,0
DA:548,0
DA:559,0
DA:565,0
DA:574,0
DA:585,0
DA:596,0
DA:606,0
DA:616,0
DA:626,0
DA:634,0
DA:642,0
DA:647,0
DA:656,0
DA:661,0
DA:670,0
DA:680,0
DA:691,0
DA:701,0
DA:712,0
DA:723,0
DA:733,0
DA:746,0
DA:752,0
DA:763,0
DA:776,0
DA:780,0
LF:73
LH:0
BRDA:490,0,0,0
BRDA:490,0,1,0
BRDA:503,1,0,0
BRDA:503,1,1,0
BRDA:503,2,0,0
BRDA:503,2,1,0
BRDA:504,3,0,0
BRDA:504,3,1,0
BRDA:504,4,0,0
BRDA:504,4,1,0
BRDA:509,5,0,0
BRDA:509,5,1,0
BRDA:515,6,0,0
BRDA:515,6,1,0
BRDA:515,7,0,0
BRDA:515,7,1,0
BRDA:520,8,0,0
BRDA:520,8,1,0
BRDA:526,9,0,0
BRDA:526,9,1,0
BRDA:528,10,0,0
BRDA:528,10,1,0
BRDA:532,11,0,0
BRDA:532,11,1,0
BRDA:537,12,0,0
BRDA:537,12,1,0
BRDA:543,13,0,0
BRDA:543,13,1,0
BRDA:548,14,0,0
BRDA:548,14,1,0
BRDA:554,15,0,0
BRDA:554,15,1,0
BRDA:559,16,0,0
BRDA:559,16,1,0
BRDA:562,17,0,0
BRDA:562,17,1,0
BRDA:569,18,0,0
BRDA:569,18,1,0
BRDA:574,19,0,0
BRDA:574,19,1,0
BRDA:580,20,0,0
BRDA:580,20,1,0
BRDA:585,21,0,0
BRDA:585,21,1,0
BRDA:591,22,0,0
BRDA:591,22,1,0
BRDA:596,23,0,0
BRDA:596,23,1,0
BRDA:601,24,0,0
BRDA:601,24,1,0
BRDA:606,25,0,0
BRDA:606,25,1,0
BRDA:611,26,0,0
BRDA:611,26,1,0
BRDA:616,27,0,0
BRDA:616,27,1,0
BRDA:621,28,0,0
BRDA:621,28,1,0
BRDA:626,29,0,0
BRDA:626,29,1,0
BRDA:629,30,0,0
BRDA:629,30,1,0
BRDA:634,31,0,0
BRDA:634,31,1,0
BRDA:637,32,0,0
BRDA:637,32,1,0
BRDA:642,33,0,0
BRDA:642,33,1,0
BRDA:644,34,0,0
BRDA:644,34,1,0
BRDA:651,35,0,0
BRDA:651,35,1,0
BRDA:656,36,0,0
BRDA:656,36,1,0
BRDA:658,37,0,0
BRDA:658,37,1,0
BRDA:665,38,0,0
BRDA:665,38,1,0
BRDA:670,39,0,0
BRDA:670,39,1,0
BRDA:675,40,0,0
BRDA:675,40,1,0
BRDA:680,41,0,0
BRDA:680,41,1,0
BRDA:686,42,0,0
BRDA:686,42,1,0
BRDA:691,43,0,0
BRDA:691,43,1,0
BRDA:696,44,0,0
BRDA:696,44,1,0
BRDA:701,45,0,0
BRDA:701,45,1,0
BRDA:707,46,0,0
BRDA:707,46,1,0
BRDA:712,47,0,0
BRDA:712,47,1,0
BRDA:718,48,0,0
BRDA:718,48,1,0
BRDA:723,49,0,0
BRDA:723,49,1,0
BRDA:728,50,0,0
BRDA:728,50,1,0
BRDA:733,51,0,0
BRDA:733,51,1,0
BRDA:738,52,0,0
BRDA:738,52,1,0
BRDA:746,53,0,0
BRDA:746,53,1,0
BRDA:746,54,0,0
BRDA:746,54,1,0
BRDA:747,55,0,0
BRDA:747,55,1,0
BRDA:752,56,0,0
BRDA:752,56,1,0
BRDA:754,57,0,0
BRDA:754,57,1,0
BRDA:758,58,0,0
BRDA:758,58,1,0
BRDA:763,59,0,0
BRDA:763,59,1,0
BRDA:769,60,0,0
BRDA:769,60,1,0
BRDA:776,61,0,0
BRDA:776,61,1,0
BRDA:776,62,0,0
BRDA:776,62,1,0
BRDA:777,63,0,0
BRDA:777,63,1,0
BRF:128
BRH:0
end_of_record
TN:
SF:src\views\UserView.vue
FN:415,render
FN:425,(anonymous_1)
FN:432,(anonymous_2)
FN:433,(anonymous_3)
FN:437,(anonymous_4)
FN:441,(anonymous_5)
FN:447,(anonymous_6)
FN:457,(anonymous_7)
FN:472,(anonymous_8)
FN:489,(anonymous_9)
FN:495,(anonymous_10)
FN:503,(anonymous_11)
FN:510,(anonymous_12)
FN:521,(anonymous_13)
FN:524,(anonymous_14)
FN:529,(anonymous_15)
FN:538,(anonymous_16)
FN:540,(anonymous_17)
FN:548,(anonymous_18)
FN:561,(anonymous_19)
FN:565,(anonymous_20)
FN:573,(anonymous_21)
FN:581,(anonymous_22)
FNF:23
FNH:0
FNDA:0,render
FNDA:0,(anonymous_1)
FNDA:0,(anonymous_2)
FNDA:0,(anonymous_3)
FNDA:0,(anonymous_4)
FNDA:0,(anonymous_5)
FNDA:0,(anonymous_6)
FNDA:0,(anonymous_7)
FNDA:0,(anonymous_8)
FNDA:0,(anonymous_9)
FNDA:0,(anonymous_10)
FNDA:0,(anonymous_11)
FNDA:0,(anonymous_12)
FNDA:0,(anonymous_13)
FNDA:0,(anonymous_14)
FNDA:0,(anonymous_15)
FNDA:0,(anonymous_16)
FNDA:0,(anonymous_17)
FNDA:0,(anonymous_18)
FNDA:0,(anonymous_19)
FNDA:0,(anonymous_20)
FNDA:0,(anonymous_21)
FNDA:0,(anonymous_22)
DA:4,0
DA:5,0
DA:8,0
DA:253,0
DA:255,0
DA:258,0
DA:259,0
DA:260,0
DA:263,0
DA:266,0
DA:269,0
DA:272,0
DA:275,0
DA:278,0
DA:281,0
DA:284,0
DA:287,0
DA:290,0
DA:293,0
DA:296,0
DA:299,0
DA:302,0
DA:303,0
DA:304,0
DA:307,0
DA:310,0
DA:313,0
DA:316,0
DA:320,0
DA:323,0
DA:326,0
DA:329,0
DA:330,0
DA:334,0
DA:338,0
DA:341,0
DA:346,0
DA:347,0
DA:348,0
DA:351,0
DA:355,0
DA:358,0
DA:362,0
DA:365,0
DA:369,0
DA:372,0
DA:375,0
DA:378,0
DA:382,0
DA:385,0
DA:388,0
DA:389,0
DA:393,0
DA:396,0
DA:399,0
DA:400,0
DA:401,0
DA:405,0
DA:409,0
DA:412,0
DA:413,0
DA:414,0
DA:416,0
DA:417,0
DA:418,0
DA:419,0
DA:425,0
DA:432,0
DA:433,0
DA:438,0
DA:442,0
DA:447,0
DA:457,0
DA:473,0
DA:489,0
DA:495,0
DA:503,0
DA:510,0
DA:522,0
DA:525,0
DA:530,0
DA:538,0
DA:540,0
DA:548,0
DA:561,0
DA:566,0
DA:573,0
DA:581,0
DA:593,0
LF:89
LH:0
BRDA:419,0,0,0
BRDA:419,0,1,0
BRDA:425,1,0,0
BRDA:425,1,1,0
BRDA:425,2,0,0
BRDA:425,2,1,0
BRDA:427,3,0,0
BRDA:427,3,1,0
BRDA:432,4,0,0
BRDA:432,4,1,0
BRDA:433,5,0,0
BRDA:433,5,1,0
BRDA:433,6,0,0
BRDA:433,6,1,0
BRDA:451,7,0,0
BRDA:451,7,1,0
BRDA:458,8,0,0
BRDA:458,8,1,0
BRDA:460,9,0,0
BRDA:460,9,1,0
BRDA:464,10,0,0
BRDA:464,10,1,0
BRDA:468,11,0,0
BRDA:468,11,1,0
BRDA:468,12,0,0
BRDA:468,12,1,0
BRDA:472,13,0,0
BRDA:472,13,1,0
BRDA:477,14,0,0
BRDA:477,14,1,0
BRDA:481,15,0,0
BRDA:481,15,1,0
BRDA:481,16,0,0
BRDA:481,16,1,0
BRDA:485,17,0,0
BRDA:485,17,1,0
BRDA:491,18,0,0
BRDA:491,18,1,0
BRDA:491,19,0,0
BRDA:491,19,1,0
BRDA:495,20,0,0
BRDA:495,20,1,0
BRDA:497,21,0,0
BRDA:497,21,1,0
BRDA:503,22,0,0
BRDA:503,22,1,0
BRDA:505,23,0,0
BRDA:505,23,1,0
BRDA:510,24,0,0
BRDA:510,24,1,0
BRDA:510,25,0,0
BRDA:510,25,1,0
BRDA:511,26,0,0
BRDA:511,26,1,0
BRDA:524,27,0,0
BRDA:524,27,1,0
BRDA:524,28,0,0
BRDA:524,28,1,0
BRDA:534,29,0,0
BRDA:534,29,1,0
BRDA:534,30,0,0
BRDA:534,30,1,0
BRDA:543,31,0,0
BRDA:543,31,1,0
BRDA:549,32,0,0
BRDA:549,32,1,0
BRDA:552,33,0,0
BRDA:552,33,1,0
BRDA:552,34,0,0
BRDA:552,34,1,0
BRDA:555,35,0,0
BRDA:555,35,1,0
BRDA:561,36,0,0
BRDA:561,36,1,0
BRDA:563,37,0,0
BRDA:563,37,1,0
BRDA:581,38,0,0
BRDA:581,38,1,0
BRDA:583,39,0,0
BRDA:583,39,1,0
BRF:80
BRH:0
end_of_record
TN:
SF:src\views\VolunteerActivitiesView.vue
FN:802,render
FN:805,(anonymous_1)
FN:813,(anonymous_2)
FN:820,(anonymous_3)
FN:825,(anonymous_4)
FN:829,(anonymous_5)
FN:836,(anonymous_6)
FN:840,(anonymous_7)
FN:855,(anonymous_8)
FN:856,(anonymous_9)
FN:868,(anonymous_10)
FN:875,(anonymous_11)
FN:884,(anonymous_12)
FN:896,(anonymous_13)
FN:897,(anonymous_14)
FNF:15
FNH:0
FNDA:0,render
FNDA:0,(anonymous_1)
FNDA:0,(anonymous_2)
FNDA:0,(anonymous_3)
FNDA:0,(anonymous_4)
FNDA:0,(anonymous_5)
FNDA:0,(anonymous_6)
FNDA:0,(anonymous_7)
FNDA:0,(anonymous_8)
FNDA:0,(anonymous_9)
FNDA:0,(anonymous_10)
FNDA:0,(anonymous_11)
FNDA:0,(anonymous_12)
FNDA:0,(anonymous_13)
FNDA:0,(anonymous_14)
DA:4,0
DA:5,0
DA:8,0
DA:671,0
DA:674,0
DA:675,0
DA:676,0
DA:679,0
DA:682,0
DA:685,0
DA:688,0
DA:691,0
DA:695,0
DA:699,0
DA:703,0
DA:706,0
DA:709,0
DA:712,0
DA:715,0
DA:718,0
DA:721,0
DA:725,0
DA:729,0
DA:733,0
DA:736,0
DA:737,0
DA:738,0
DA:739,0
DA:743,0
DA:746,0
DA:749,0
DA:752,0
DA:753,0
DA:757,0
DA:761,0
DA:762,0
DA:765,0
DA:769,0
DA:773,0
DA:776,0
DA:779,0
DA:782,0
DA:783,0
DA:787,0
DA:791,0
DA:794,0
DA:797,0
DA:798,0
DA:803,0
DA:806,0
DA:813,0
DA:820,0
DA:825,0
DA:829,0
DA:836,0
DA:840,0
DA:855,0
DA:857,0
DA:868,0
DA:875,0
DA:884,0
DA:896,0
DA:898,0
DA:909,0
LF:64
LH:0
BRDA:803,0,0,0
BRDA:803,0,1,0
BRDA:803,1,0,0
BRDA:803,1,1,0
BRDA:805,2,0,0
BRDA:805,2,1,0
BRDA:805,3,0,0
BRDA:805,3,1,0
BRDA:809,4,0,0
BRDA:809,4,1,0
BRDA:809,5,0,0
BRDA:809,5,1,0
BRDA:809,6,0,0
BRDA:809,6,1,0
BRDA:809,7,0,0
BRDA:809,7,1,0
BRDA:809,8,0,0
BRDA:809,8,1,0
BRDA:809,9,0,0
BRDA:809,9,1,0
BRDA:809,10,0,0
BRDA:809,10,1,0
BRDA:809,11,0,0
BRDA:809,11,1,0
BRDA:814,12,0,0
BRDA:814,12,1,0
BRDA:826,13,0,0
BRDA:826,13,1,0
BRDA:826,14,0,0
BRDA:826,14,1,0
BRDA:829,15,0,0
BRDA:829,15,1,0
BRDA:836,16,0,0
BRDA:836,16,1,0
BRDA:840,17,0,0
BRDA:840,17,1,0
BRDA:854,18,0,0
BRDA:854,18,1,0
BRDA:856,19,0,0
BRDA:856,19,1,0
BRDA:856,20,0,0
BRDA:856,20,1,0
BRDA:856,21,0,0
BRDA:856,21,1,0
BRDA:862,22,0,0
BRDA:862,22,1,0
BRDA:864,23,0,0
BRDA:864,23,1,0
BRDA:864,24,0,0
BRDA:864,24,1,0
BRDA:864,24,2,0
BRDA:864,25,0,0
BRDA:864,25,1,0
BRDA:865,26,0,0
BRDA:865,26,1,0
BRDA:865,27,0,0
BRDA:865,27,1,0
BRDA:868,28,0,0
BRDA:868,28,1,0
BRDA:875,29,0,0
BRDA:875,29,1,0
BRDA:884,30,0,0
BRDA:884,30,1,0
BRDA:895,31,0,0
BRDA:895,31,1,0
BRDA:897,32,0,0
BRDA:897,32,1,0
BRDA:897,33,0,0
BRDA:897,33,1,0
BRDA:897,34,0,0
BRDA:897,34,1,0
BRF:71
BRH:0
end_of_record
TN:
SF:src\views\VolunteerBoletasView.vue
FN:900,render
FN:915,(anonymous_1)
FN:923,(anonymous_2)
FN:933,(anonymous_3)
FN:940,(anonymous_4)
FN:947,(anonymous_5)
FN:961,(anonymous_6)
FN:970,(anonymous_7)
FN:977,(anonymous_8)
FN:984,(anonymous_9)
FN:1002,(anonymous_10)
FN:1006,(anonymous_11)
FN:1012,(anonymous_12)
FN:1019,(anonymous_13)
FN:1028,(anonymous_14)
FN:1059,(anonymous_15)
FN:1063,(anonymous_16)
FN:1069,(anonymous_17)
FN:1076,(anonymous_18)
FN:1085,(anonymous_19)
FNF:20
FNH:0
FNDA:0,render
FNDA:0,(anonymous_1)
FNDA:0,(anonymous_2)
FNDA:0,(anonymous_3)
FNDA:0,(anonymous_4)
FNDA:0,(anonymous_5)
FNDA:0,(anonymous_6)
FNDA:0,(anonymous_7)
FNDA:0,(anonymous_8)
FNDA:0,(anonymous_9)
FNDA:0,(anonymous_10)
FNDA:0,(anonymous_11)
FNDA:0,(anonymous_12)
FNDA:0,(anonymous_13)
FNDA:0,(anonymous_14)
FNDA:0,(anonymous_15)
FNDA:0,(anonymous_16)
FNDA:0,(anonymous_17)
FNDA:0,(anonymous_18)
FNDA:0,(anonymous_19)
DA:4,0
DA:5,0
DA:8,0
DA:735,0
DA:738,0
DA:739,0
DA:740,0
DA:743,0
DA:746,0
DA:749,0
DA:752,0
DA:755,0
DA:758,0
DA:761,0
DA:765,0
DA:769,0
DA:773,0
DA:776,0
DA:780,0
DA:783,0
DA:786,0
DA:789,0
DA:792,0
DA:793,0
DA:794,0
DA:795,0
DA:798,0
DA:801,0
DA:804,0
DA:807,0
DA:811,0
DA:815,0
DA:818,0
DA:821,0
DA:824,0
DA:827,0
DA:830,0
DA:833,0
DA:836,0
DA:839,0
DA:842,0
DA:846,0
DA:849,0
DA:852,0
DA:853,0
DA:854,0
DA:855,0
DA:859,0
DA:863,0
DA:866,0
DA:869,0
DA:870,0
DA:873,0
DA:876,0
DA:877,0
DA:880,0
DA:883,0
DA:886,0
DA:887,0
DA:891,0
DA:892,0
DA:893,0
DA:896,0
DA:899,0
DA:901,0
DA:915,0
DA:924,0
DA:933,0
DA:940,0
DA:947,0
DA:962,0
DA:970,0
DA:977,0
DA:984,0
DA:1002,0
DA:1007,0
DA:1012,0
DA:1019,0
DA:1028,0
DA:1059,0
DA:1064,0
DA:1069,0
DA:1076,0
DA:1085,0
DA:1122,0
LF:85
LH:0
BRDA:901,0,0,0
BRDA:901,0,1,0
BRDA:901,1,0,0
BRDA:901,1,1,0
BRDA:903,2,0,0
BRDA:903,2,1,0
BRDA:905,3,0,0
BRDA:905,3,1,0
BRDA:910,4,0,0
BRDA:910,4,1,0
BRDA:912,5,0,0
BRDA:912,5,1,0
BRDA:912,6,0,0
BRDA:912,6,1,0
BRDA:912,7,0,0
BRDA:912,7,1,0
BRDA:915,8,0,0
BRDA:915,8,1,0
BRDA:921,9,0,0
BRDA:921,9,1,0
BRDA:927,10,0,0
BRDA:927,10,1,0
BRDA:934,11,0,0
BRDA:934,11,1,0
BRDA:941,12,0,0
BRDA:941,12,1,0
BRDA:948,13,0,0
BRDA:948,13,1,0
BRDA:950,14,0,0
BRDA:950,14,1,0
BRDA:952,15,0,0
BRDA:952,15,1,0
BRDA:954,16,0,0
BRDA:954,16,1,0
BRDA:956,17,0,0
BRDA:956,17,1,0
BRDA:956,18,0,0
BRDA:956,18,1,0
BRDA:956,19,0,0
BRDA:956,19,1,0
BRDA:959,20,0,0
BRDA:959,20,1,0
BRDA:959,21,0,0
BRDA:959,21,1,0
BRDA:964,22,0,0
BRDA:964,22,1,0
BRDA:964,23,0,0
BRDA:964,23,1,0
BRDA:966,24,0,0
BRDA:966,24,1,0
BRDA:971,25,0,0
BRDA:971,25,1,0
BRDA:978,26,0,0
BRDA:978,26,1,0
BRDA:985,27,0,0
BRDA:985,27,1,0
BRDA:988,28,0,0
BRDA:988,28,1,0
BRDA:988,29,0,0
BRDA:988,29,1,0
BRDA:994,30,0,0
BRDA:994,30,1,0
BRDA:1002,31,0,0
BRDA:1002,31,1,0
BRDA:1004,32,0,0
BRDA:1004,32,1,0
BRDA:1010,33,0,0
BRDA:1010,33,1,0
BRDA:1012,34,0,0
BRDA:1012,34,1,0
BRDA:1019,35,0,0
BRDA:1019,35,1,0
BRDA:1028,36,0,0
BRDA:1028,36,1,0
BRDA:1031,37,0,0
BRDA:1031,37,1,0
BRDA:1045,38,0,0
BRDA:1045,38,1,0
BRDA:1047,39,0,0
BRDA:1047,39,1,0
BRDA:1047,40,0,0
BRDA:1047,40,1,0
BRDA:1051,41,0,0
BRDA:1051,41,1,0
BRDA:1053,42,0,0
BRDA:1053,42,1,0
BRDA:1059,43,0,0
BRDA:1059,43,1,0
BRDA:1061,44,0,0
BRDA:1061,44,1,0
BRDA:1067,45,0,0
BRDA:1067,45,1,0
BRDA:1069,46,0,0
BRDA:1069,46,1,0
BRDA:1076,47,0,0
BRDA:1076,47,1,0
BRDA:1085,48,0,0
BRDA:1085,48,1,0
BRDA:1088,49,0,0
BRDA:1088,49,1,0
BRDA:1088,50,0,0
BRDA:1088,50,1,0
BRDA:1090,51,0,0
BRDA:1090,51,1,0
BRDA:1101,52,0,0
BRDA:1101,52,1,0
BRDA:1115,53,0,0
BRDA:1115,53,1,0
BRDA:1117,54,0,0
BRDA:1117,54,1,0
BRDA:1117,55,0,0
BRDA:1117,55,1,0
BRF:112
BRH:0
end_of_record
TN:
SF:src\views\VolunteerGalleryView.vue
FN:469,render
FN:472,(anonymous_1)
FN:480,(anonymous_2)
FN:484,(anonymous_3)
FN:491,(anonymous_4)
FN:495,(anonymous_5)
FN:510,(anonymous_6)
FN:511,(anonymous_7)
FN:525,(anonymous_8)
FNF:9
FNH:0
FNDA:0,render
FNDA:0,(anonymous_1)
FNDA:0,(anonymous_2)
FNDA:0,(anonymous_3)
FNDA:0,(anonymous_4)
FNDA:0,(anonymous_5)
FNDA:0,(anonymous_6)
FNDA:0,(anonymous_7)
FNDA:0,(anonymous_8)
DA:4,0
DA:5,0
DA:8,0
DA:399,0
DA:402,0
DA:403,0
DA:404,0
DA:407,0
DA:410,0
DA:413,0
DA:416,0
DA:419,0
DA:423,0
DA:427,0
DA:431,0
DA:434,0
DA:437,0
DA:438,0
DA:442,0
DA:445,0
DA:448,0
DA:451,0
DA:452,0
DA:456,0
DA:460,0
DA:461,0
DA:462,0
DA:465,0
DA:470,0
DA:473,0
DA:480,0
DA:484,0
DA:491,0
DA:495,0
DA:510,0
DA:512,0
DA:525,0
DA:531,0
LF:38
LH:0
BRDA:470,0,0,0
BRDA:470,0,1,0
BRDA:470,1,0,0
BRDA:470,1,1,0
BRDA:472,2,0,0
BRDA:472,2,1,0
BRDA:472,3,0,0
BRDA:472,3,1,0
BRDA:476,4,0,0
BRDA:476,4,1,0
BRDA:476,5,0,0
BRDA:476,5,1,0
BRDA:481,6,0,0
BRDA:481,6,1,0
BRDA:481,7,0,0
BRDA:481,7,1,0
BRDA:484,8,0,0
BRDA:484,8,1,0
BRDA:491,9,0,0
BRDA:491,9,1,0
BRDA:495,10,0,0
BRDA:495,10,1,0
BRDA:509,11,0,0
BRDA:509,11,1,0
BRDA:511,12,0,0
BRDA:511,12,1,0
BRDA:511,13,0,0
BRDA:511,13,1,0
BRDA:511,14,0,0
BRDA:511,14,1,0
BRDA:517,15,0,0
BRDA:517,15,1,0
BRDA:519,16,0,0
BRDA:519,16,1,0
BRDA:519,17,0,0
BRDA:519,17,1,0
BRDA:526,18,0,0
BRDA:526,18,1,0
BRDA:528,19,0,0
BRDA:528,19,1,0
BRDA:528,20,0,0
BRDA:528,20,1,0
BRF:42
BRH:0
end_of_record
TN:
SF:src\views\WelcomeView.vue
FN:218,render
FN:225,(anonymous_1)
FN:233,(anonymous_2)
FN:237,(anonymous_3)
FN:248,(anonymous_4)
FN:254,(anonymous_5)
FN:260,(anonymous_6)
FNF:7
FNH:0
FNDA:0,render
FNDA:0,(anonymous_1)
FNDA:0,(anonymous_2)
FNDA:0,(anonymous_3)
FNDA:0,(anonymous_4)
FNDA:0,(anonymous_5)
FNDA:0,(anonymous_6)
DA:4,0
DA:5,0
DA:8,0
DA:175,0
DA:177,0
DA:180,0
DA:181,0
DA:182,0
DA:185,0
DA:188,0
DA:191,0
DA:195,0
DA:198,0
DA:199,0
DA:203,0
DA:206,0
DA:209,0
DA:212,0
DA:215,0
DA:219,0
DA:220,0
DA:221,0
DA:225,0
DA:234,0
DA:238,0
DA:248,0
DA:255,0
DA:260,0
DA:268,0
LF:29
LH:0
BRDA:225,0,0,0
BRDA:225,0,1,0
BRDA:229,1,0,0
BRDA:229,1,1,0
BRDA:233,2,0,0
BRDA:233,2,1,0
BRDA:243,3,0,0
BRDA:243,3,1,0
BRDA:248,4,0,0
BRDA:248,4,1,0
BRDA:252,5,0,0
BRDA:252,5,1,0
BRDA:262,6,0,0
BRDA:262,6,1,0
BRF:14
BRH:0
end_of_record
